
   PASS  Tests\Unit\ExampleTest
  âœ“ that true is true                                                    0.01s  



   PASS  Tests\Feature\AP\ApAgingReportTest
  âœ“ it calculates aging buckets                                          1.44s  

   PASS  Tests\Feature\AP\ApApiTest
  âœ“ it lists invoices via api                                            0.06s  
  âœ“ it prevents duplicate invoice number for supplier                    0.03s  

   PASS  Tests\Feature\AP\ApAuthorizationTest
  âœ“ it redirects guest from payables index                               0.01s  
  âœ“ it allows admin to hit api invoices                                  0.01s  

   PASS  Tests\Feature\AP\ApInvoiceWorkflowTest
  âœ“ it posts draft invoice                                               0.03s  
  âœ“ it voids invoice without allocations                                 0.02s  

   PASS  Tests\Feature\AP\ApPaymentAllocationTest
  âœ“ it blocks allocation beyond outstanding                              0.02s  
  âœ“ it allocates and updates status to partially paid                    0.03s  

   PASS  Tests\Feature\Admin\PermissionsTest
  âœ“ non-admin cannot access users index                                  0.01s  

   PASS  Tests\Feature\Admin\UserCrudTest
  âœ“ admin can create a user                                              1.56s  
  âœ“ admin can edit a user                                                0.05s  
  âœ“ admin can deactivate a user                                          0.03s  

   PASS  Tests\Feature\Auth\AuthenticationTest
  âœ“ login screen can be rendered                                         0.02s  
  âœ“ users can authenticate using the login screen                        0.02s  
  âœ“ users can not authenticate with invalid password                     0.02s  
  âœ“ users with two factor enabled are redirected to two factor challengâ€¦ 0.02s  
  âœ“ users can logout                                                     0.01s  

   PASS  Tests\Feature\Auth\EmailVerificationTest
  âœ“ email verification screen can be rendered                            0.02s  
  âœ“ email can be verified                                                0.02s  
  âœ“ email is not verified with invalid hash                              0.01s  
  âœ“ already verified user visiting verification link is redirected withâ€¦ 0.01s  

   PASS  Tests\Feature\Auth\LoginTest
  âœ“ users can log in with username                                       0.03s  
  âœ“ login fails with wrong password                                      0.01s  
  âœ“ inactive users cannot log in                                         0.01s  

   PASS  Tests\Feature\Auth\PasswordConfirmationTest
  âœ“ confirm password screen can be rendered                              0.01s  

   PASS  Tests\Feature\Auth\PasswordResetTest
  âœ“ reset password link screen can be rendered                           0.02s  
  âœ“ reset password link can be requested                                 0.22s  
  âœ“ reset password screen can be rendered                                0.25s  
  âœ“ password can be reset with valid token                               0.25s  

   PASS  Tests\Feature\Auth\RegistrationTest
  âœ“ registration screen can be rendered                                  0.03s  
  âœ“ new users can register                                               0.02s  

   PASS  Tests\Feature\Auth\TwoFactorChallengeTest
  âœ“ two factor challenge redirects to login when not authenticated       0.01s  
  âœ“ two factor challenge can be rendered                                 0.02s  

   PASS  Tests\Feature\CategoriesTest
  âœ“ admin can create a category                                          0.04s  
  âœ“ admin can edit a category                                            0.03s  
  âœ“ prevent self parent selection                                        0.03s  
  âœ“ prevent cycle loops when selecting parent                            0.04s  
  âœ“ prevent duplicate names under same parent                            0.04s  
  âœ“ prevent deletion when category is in use                             0.04s  
  âœ“ soft delete behavior                                                 0.03s  
  âœ“ non admin cannot access categories index                             0.01s  

   PASS  Tests\Feature\Customers\CustomersApiTest
  âœ“ it returns light customers list by default                           0.02s  
  âœ“ it returns single customer                                           0.02s  

   PASS  Tests\Feature\Customers\CustomersAuthorizationTest
  âœ“ it redirects guests from customers index                             0.01s  
  âœ“ it forbids non-privileged users                                      0.01s  
  âœ“ it allows admin to view customers                                    0.06s  

   PASS  Tests\Feature\Customers\CustomersImportTest
  âœ“ it imports customers from csv create mode                            0.03s  

   PASS  Tests\Feature\Customers\CustomersWebTest
  âœ“ it admin can create retail customer with credit forced to zero       0.10s  
  âœ“ it search filter works                                               0.03s  

   PASS  Tests\Feature\DailyDishMenus\DailyDishMenusAuthorizationTest
  âœ“ it redirects guests from planner                                     0.01s  
  âœ“ it allows admin to view planner                                      0.08s  
  âœ“ it forbids non-privileged user                                       0.02s  

   PASS  Tests\Feature\DailyDishMenus\DailyDishMenusCrudTest
  âœ“ it enforces unique branch-date                                       0.03s  
  âœ“ it blocks editing when published                                     0.02s  
  âœ“ it publish requires at least one item                                0.01s  

   PASS  Tests\Feature\DailyDishMenus\DailyDishMenusPublishTest
  âœ“ it clones menu into a draft target                                   0.02s  
  âœ“ it rejects publish if no items                                       0.01s  
  âœ“ it unpublishes back to draft                                         0.02s  

   PASS  Tests\Feature\DailyDishOps\DailyDishOpsAuthorizationTest
  âœ“ it redirects guests from daily dish ops day                          0.02s  
  âœ“ it allows admin to view daily dish ops day                           0.06s  
  âœ“ it allows kitchen to view daily dish ops day                         0.05s  
  âœ“ it allows cashier to view daily dish ops day                         0.04s  
  âœ“ it forbids a non-privileged user from daily dish ops day             0.02s  
  âœ“ it allows cashier to view manual daily dish create page              0.04s  
  âœ“ it forbids kitchen from manual daily dish create page                0.02s  

   FAIL  Tests\Feature\DailyDishOps\PrepTotalsRulesTest
  â¨¯ it prep totals include only Confirmed and InProduction orders        0.02s  
  â¨¯ it prep totals can exclude subscription or manual orders             0.02s  

   PASS  Tests\Feature\DailyDishOps\SubscriptionRunLoggingTest
  âœ“ it creates run logs and ops events for subscription generation (dryâ€¦ 0.05s  
  âœ“ it logs failed run when menu is missing                              0.01s  

   PASS  Tests\Feature\DashboardTest
  âœ“ guests are redirected to the login page                              0.01s  
  âœ“ authenticated users can visit the dashboard                          0.03s  

   FAIL  Tests\Feature\ExampleTest
  â¨¯ returns a successful response                                        0.01s  

   PASS  Tests\Feature\Expenses\ExpenseCategoriesTest
  âœ“ it blocks deleting category in use                                   0.03s  

   PASS  Tests\Feature\Expenses\ExpensePaymentsTest
  âœ“ it adds a payment and updates status                                 0.03s  

   FAIL  Tests\Feature\Expenses\ExpensesAuthorizationTest
  âœ“ it blocks guests from expenses                                       0.01s  
  â¨¯ it allows admin to view expenses index                               0.01s  

   FAIL  Tests\Feature\Expenses\ExpensesCrudTest
  â¨¯ it creates an expense with computed total                            0.02s  
  â¨¯ it prevents delete when payments exist                               0.02s  
  â¨¯ it computes payment status unpaid/partial/paid                       0.02s  

   FAIL  Tests\Feature\Inventory\InventoryAdjustmentsTest
  â¨¯ it increase adjustment updates stock and creates transaction         0.03s  
  âœ“ it prevent negative stock when disallowed                            0.01s  
  â¨¯ it adjust via show component decreases stock                         0.02s  

   FAIL  Tests\Feature\Inventory\InventoryApiTest
  âœ“ it lists inventory items via api                                     0.02s  
  â¨¯ it adjust endpoint updates stock                                     0.03s  

   PASS  Tests\Feature\Inventory\InventoryAuthorizationTest
  âœ“ it redirects guests from inventory index                             0.01s  
  âœ“ it allows admin to view inventory                                    0.04s  

   FAIL  Tests\Feature\Inventory\InventoryItemsWebTest
  â¨¯ it admin can create item with unique code                            0.03s  
  â¨¯ it initial stock creates adjustment and updates current stock        0.03s  

   PASS  Tests\Feature\KitchenOps\KitchenOpsAuthorizationTest
  âœ“ it redirects guests from kitchen ops                                 0.02s  
  âœ“ it allows kitchen to view kitchen ops                                0.04s  
  âœ“ it forbids non-privileged user from kitchen ops                      0.02s  

   PASS  Tests\Feature\KitchenOps\OrderWorkflowServiceTest
  âœ“ it enforces valid order transitions and logs ops events              0.03s  
  âœ“ it enforces valid item transitions and logs ops events               0.02s  

   PASS  Tests\Feature\MenuItems\MenuItemsApiTest
  âœ“ it returns light menu items list                                     0.02s  

   PASS  Tests\Feature\MenuItems\MenuItemsAuthorizationTest
  âœ“ it redirects guests from menu items index                            0.01s  
  âœ“ it allows admin to view menu items                                   0.04s  

   FAIL  Tests\Feature\MenuItems\MenuItemsUsageTest
  â¨¯ it blocks deactivation when order_items references the menu item     0.01s  

   FAIL  Tests\Feature\MenuItems\MenuItemsWebTest
  â¨¯ it admin can create menu item                                        0.03s  
  â¨¯ it search works on code and name                                     0.02s  

   PASS  Tests\Feature\Orders\DailyDishSeparationTest
  âœ“ it separates subscription vs manual daily dish orders                0.01s  

   PASS  Tests\Feature\Orders\ManualDailyDishRequiresMenuTest
  âœ“ it requires published menu when creating daily dish order            0.12s  
  âœ“ it allows create when published menu exists and items selected       0.17s  

   PASS  Tests\Feature\Orders\SubscriptionReadOnlyItemsTest
  âœ“ it subscription orders cannot edit items via edit component          0.03s  

   FAIL  Tests\Feature\PettyCash\ExpensesWorkflowTest
  âœ“ it computes total as amount plus tax                                 0.02s  
  â¨¯ it approval reduces wallet balance, submission does not              0.02s  
  â¨¯ it reject does not affect balance                                    0.01s  
  âœ“ it prevents negative balance when disallowed                         0.01s  

   FAIL  Tests\Feature\PettyCash\IssuesTest
  âœ“ it blocks issue on inactive wallet                                   0.01s  
  â¨¯ it increases wallet balance when issue is created                    0.02s  

   PASS  Tests\Feature\PettyCash\PettyCashAuthorizationTest
  âœ“ it redirects guests from petty cash index                            0.01s  
  âœ“ it allows admin role to view petty cash index                        0.05s  

   PASS  Tests\Feature\PettyCash\ReceiptsTest
  âœ“ it stores receipt and path on expense                                0.02s  
  âœ“ it rejects invalid mime type for receipt                             0.01s  

   FAIL  Tests\Feature\PettyCash\ReconciliationsTest
  âœ“ it captures expected balance and variance on reconciliation          0.02s  
  â¨¯ it applies reconciliation to wallet balance when enabled             0.01s  
  â¨¯ it does not apply reconciliation to wallet balance when disabled     0.02s  

   PASS  Tests\Feature\PettyCash\WalletsTest
  âœ“ it creates wallet with creator via service                           0.01s  

   PASS  Tests\Feature\PurchaseOrders\PurchaseOrdersAuthorizationTest
  âœ“ it redirects guest from purchase orders                              0.01s  
  âœ“ it allows admin to view purchase orders                              0.04s  

   FAIL  Tests\Feature\PurchaseOrders\PurchaseOrdersWorkflowTest
  â¨¯ it creates draft purchase order with lines                           0.03s  
  â¨¯ it approves and receives purchase order                              0.04s  

   FAIL  Tests\Feature\Recipes\RecipeCostingTest
  â¨¯ it computes costing with package and unit quantities and overhead nâ€¦ 0.01s  

   FAIL  Tests\Feature\Recipes\RecipeProductionTest
  â¨¯ it produces recipe and deducts stock with integer constraint         0.02s  
  â¨¯ it blocks fractional deduction                                       0.01s  
  âœ“ it blocks insufficient stock when negative stock disallowed          0.02s  

   PASS  Tests\Feature\Recipes\RecipesAuthorizationTest
  âœ“ it redirects guests from recipes index                               0.01s  
  âœ“ it allows admin role to view recipes index                           0.04s  
  âœ“ it forbids non-manager/admin roles                                   0.01s  
  âœ“ it shows recipe show page for admin                                  0.04s  

   PASS  Tests\Feature\Recipes\RecipesCrudTest
  âœ“ it creates recipe with items transactionally                         0.02s  
  âœ“ it updates recipe by re-syncing items                                0.02s  

   PASS  Tests\Feature\Settings\PasswordUpdateTest
  âœ“ password can be updated                                              0.04s  
  âœ“ correct password must be provided to update password                 0.04s  

   FAIL  Tests\Feature\Settings\ProfileUpdateTest
  â¨¯ profile page is displayed                                            0.25s  
  âœ“ profile information can be updated                                   0.04s  
  âœ“ email verification status is unchanged when email address is unchanâ€¦ 0.04s  
  âœ“ user can delete their account                                        0.02s  
  âœ“ correct password must be provided to delete account                  0.02s  

   FAIL  Tests\Feature\Settings\TwoFactorAuthenticationTest
  â¨¯ two factor settings page can be rendered                             0.19s  
  âœ“ two factor settings page requires password confirmation when enableâ€¦ 0.01s  
  âœ“ two factor settings page returns forbidden response when two factorâ€¦ 0.01s  
  âœ“ two factor authentication disabled when confirmation abandoned betwâ€¦ 0.02s  

   PASS  Tests\Feature\SubscriptionGeneration\GenerationCreatesOrdersTest
  âœ“ it creates order and mapping for active subscription                 0.03s  
  âœ“ it is idempotent and skips existing mapping                          0.02s  
  âœ“ it respects salad/dessert toggles                                    0.02s  

   PASS  Tests\Feature\SubscriptionGeneration\GenerationMenuSelectionTest
  âœ“ it skips when no published menu                                      0.02s  

   PASS  Tests\Feature\Subscriptions\SubscriptionsAuthorizationTest
  âœ“ it redirects guests from subscriptions index                         0.01s  
  âœ“ it allows admin to view subscriptions index                          0.04s  
  âœ“ it forbids non-privileged user                                       0.01s  

   PASS  Tests\Feature\Subscriptions\SubscriptionsCrudTest
  âœ“ it creates subscription with weekdays and generates code             0.01s  
  âœ“ it requires at least one weekday                                     0.01s  
  âœ“ it enforces end date after start date                                0.01s  

   FAIL  Tests\Feature\Subscriptions\SubscriptionsLifecycleTest
  âœ“ it is active on a valid weekday within range                         0.01s  
  âœ“ it is not active outside date range                                  0.01s  
  âœ“ it is not active when paused status                                  0.02s  
  â¨¯ it is not active during pause range                                  0.01s  
  âœ“ it weekdayEnabled respects configured days                           0.01s  

   FAIL  Tests\Feature\Suppliers\SuppliersApiTest
  âœ“ it returns only active suppliers by default (light)                  0.01s  
  âœ“ it status=all returns active and inactive                            0.01s  
  â¨¯ it prevents archive when referenced                                  0.03s  

   PASS  Tests\Feature\Suppliers\SuppliersAuthorizationTest
  âœ“ it redirects guests from suppliers index                             1.13s  
  âœ“ it forbids non-admin users from suppliers index                      0.03s  
  âœ“ it allows admin users to access suppliers index                      0.04s  

   FAIL  Tests\Feature\Suppliers\SuppliersWebTest
  â¨¯ it allows admin to create supplier                                   0.01s  
  â¨¯ it enforces unique supplier name                                     0.01s  
  â¨¯ it validates email format                                            0.01s  
  â¨¯ it persists qid_cr and allows search                                 0.01s  
  â¨¯ it allows admin to deactivate and activate supplier                  0.01s  
  â”€â”€â”€â”€â”€â”€â”€â”€â”€â”€â”€â”€â”€â”€â”€â”€â”€â”€â”€â”€â”€â”€â”€â”€â”€â”€â”€â”€â”€â”€â”€â”€â”€â”€â”€â”€â”€â”€â”€â”€â”€â”€â”€â”€â”€â”€â”€â”€â”€â”€â”€â”€â”€â”€â”€â”€â”€â”€â”€â”€â”€â”€â”€â”€â”€â”€â”€â”€â”€â”€â”€â”€â”€â”€â”€â”€  
   FAILED  Tests\Feature\DailyDishOps\PrepTotalsRulesTest >â€¦   QueryException   
  SQLSTATE[23000]: Integrity constraint violation: 1452 Cannot add or update a child row: a foreign key constraint fails (`store_test`.`order_items`, CONSTRAINT `order_items_menu_item_fk` FOREIGN KEY (`menu_item_id`) REFERENCES `menu_items` (`id`) ON UPDATE CASCADE) (Connection: mysql, Host: 127.0.0.1, Port: 3306, Database: store_test, SQL: insert into `order_items` (`order_id`, `menu_item_id`, `description_snapshot`, `quantity`, `unit_price`, `discount_amount`, `line_total`, `status`, `sort_order`) values (1, 100, Main A, 1, 24.147, 0, 0, Pending, 0))

  at vendor/laravel/framework/src/Illuminate/Database/MySqlConnection.php:53
     49â–•             $this->bindValues($statement, $this->prepareBindings($bindings));
     50â–• 
     51â–•             $this->recordsHaveBeenModified();
     52â–• 
  âžœ  53â–•             $result = $statement->execute();
     54â–• 
     55â–•             $this->lastInsertId = $this->getPdo()->lastInsertId($sequence);
     56â–• 
     57â–•             return $result;

      [2m+15 vendor frames [22m
  16  tests/Feature/DailyDishOps/PrepTotalsRulesTest.php:33

  â”€â”€â”€â”€â”€â”€â”€â”€â”€â”€â”€â”€â”€â”€â”€â”€â”€â”€â”€â”€â”€â”€â”€â”€â”€â”€â”€â”€â”€â”€â”€â”€â”€â”€â”€â”€â”€â”€â”€â”€â”€â”€â”€â”€â”€â”€â”€â”€â”€â”€â”€â”€â”€â”€â”€â”€â”€â”€â”€â”€â”€â”€â”€â”€â”€â”€â”€â”€â”€â”€â”€â”€â”€â”€â”€â”€  
   FAILED  Tests\Feature\DailyDishOps\PrepTotalsRulesTest >â€¦   QueryException   
  SQLSTATE[23000]: Integrity constraint violation: 1452 Cannot add or update a child row: a foreign key constraint fails (`store_test`.`order_items`, CONSTRAINT `order_items_menu_item_fk` FOREIGN KEY (`menu_item_id`) REFERENCES `menu_items` (`id`) ON UPDATE CASCADE) (Connection: mysql, Host: 127.0.0.1, Port: 3306, Database: store_test, SQL: insert into `order_items` (`order_id`, `menu_item_id`, `description_snapshot`, `quantity`, `unit_price`, `discount_amount`, `line_total`, `status`, `sort_order`) values (4, 200, Sub Item, 1, 47.321, 0, 0, Pending, 0))

  at vendor/laravel/framework/src/Illuminate/Database/MySqlConnection.php:53
     49â–•             $this->bindValues($statement, $this->prepareBindings($bindings));
     50â–• 
     51â–•             $this->recordsHaveBeenModified();
     52â–• 
  âžœ  53â–•             $result = $statement->execute();
     54â–• 
     55â–•             $this->lastInsertId = $this->getPdo()->lastInsertId($sequence);
     56â–• 
     57â–•             return $result;

      [2m+15 vendor frames [22m
  16  tests/Feature/DailyDishOps/PrepTotalsRulesTest.php:83

  â”€â”€â”€â”€â”€â”€â”€â”€â”€â”€â”€â”€â”€â”€â”€â”€â”€â”€â”€â”€â”€â”€â”€â”€â”€â”€â”€â”€â”€â”€â”€â”€â”€â”€â”€â”€â”€â”€â”€â”€â”€â”€â”€â”€â”€â”€â”€â”€â”€â”€â”€â”€â”€â”€â”€â”€â”€â”€â”€â”€â”€â”€â”€â”€â”€â”€â”€â”€â”€â”€â”€â”€â”€â”€â”€â”€  
   FAILED  Tests\Feature\ExampleTest > returns a successful response            
  Expected response status code [200] but received 302.
Failed asserting that 302 is identical to 200.

  at tests/Feature/ExampleTest.php:6
      2â–• 
      3â–• test('returns a successful response', function () {
      4â–•     $response = $this->get(route('home'));
      5â–• 
  âžœ   6â–•     $response->assertStatus(200);
      7â–• });

  â”€â”€â”€â”€â”€â”€â”€â”€â”€â”€â”€â”€â”€â”€â”€â”€â”€â”€â”€â”€â”€â”€â”€â”€â”€â”€â”€â”€â”€â”€â”€â”€â”€â”€â”€â”€â”€â”€â”€â”€â”€â”€â”€â”€â”€â”€â”€â”€â”€â”€â”€â”€â”€â”€â”€â”€â”€â”€â”€â”€â”€â”€â”€â”€â”€â”€â”€â”€â”€â”€â”€â”€â”€â”€â”€â”€  
   FAILED  Tests\Feature\Expenses\ExpensesAuthorizationTest > it allows admiâ€¦   
  Expected response status code [200] but received 403.
Failed asserting that 403 is identical to 200.

  at tests/Feature/Expenses/ExpensesAuthorizationTest.php:16
     12â–• 
     13â–• it('allows admin to view expenses index', function () {
     14â–•     $user = User::factory()->create();
     15â–•     $this->actingAs($user);
  âžœ  16â–•     $this->get('/expenses')->assertStatus(200);
     17â–• });
     18â–•

  â”€â”€â”€â”€â”€â”€â”€â”€â”€â”€â”€â”€â”€â”€â”€â”€â”€â”€â”€â”€â”€â”€â”€â”€â”€â”€â”€â”€â”€â”€â”€â”€â”€â”€â”€â”€â”€â”€â”€â”€â”€â”€â”€â”€â”€â”€â”€â”€â”€â”€â”€â”€â”€â”€â”€â”€â”€â”€â”€â”€â”€â”€â”€â”€â”€â”€â”€â”€â”€â”€â”€â”€â”€â”€â”€â”€  
   FAILED  Tests\Feature\Expenses\ExpensesCrudTest > it creates an expense wâ€¦   
  Expected response status code [201] but received 403.
Failed asserting that 403 is identical to 201.

  at tests/Feature/Expenses/ExpensesCrudTest.php:26
     22â–•         'payment_status' => 'paid',
     23â–•         'payment_method' => 'cash',
     24â–•     ]);
     25â–• 
  âžœ  26â–•     $response->assertCreated();
     27â–•     $this->assertDatabaseHas('expenses', ['description' => 'Test', 'total_amount' => 110]);
     28â–• });
     29â–• 
     30â–• it('prevents delete when payments exist', function () {

  â”€â”€â”€â”€â”€â”€â”€â”€â”€â”€â”€â”€â”€â”€â”€â”€â”€â”€â”€â”€â”€â”€â”€â”€â”€â”€â”€â”€â”€â”€â”€â”€â”€â”€â”€â”€â”€â”€â”€â”€â”€â”€â”€â”€â”€â”€â”€â”€â”€â”€â”€â”€â”€â”€â”€â”€â”€â”€â”€â”€â”€â”€â”€â”€â”€â”€â”€â”€â”€â”€â”€â”€â”€â”€â”€â”€  
   FAILED  Tests\Feature\Expenses\ExpensesCrudTest > it prevents delete whenâ€¦   
  Expected response status code [422] but received 403.
Failed asserting that 403 is identical to 422.

  at tests/Feature/Expenses/ExpensesCrudTest.php:41
     37â–•     ]);
     38â–• 
     39â–•     $this->actingAs($user);
     40â–•     $response = $this->deleteJson(route('api.expenses.destroy', $expense));
  âžœ  41â–•     $response->assertStatus(422);
     42â–• });
     43â–• 
     44â–• it('computes payment status unpaid/partial/paid', function () {
     45â–•     $user = User::factory()->create();

  â”€â”€â”€â”€â”€â”€â”€â”€â”€â”€â”€â”€â”€â”€â”€â”€â”€â”€â”€â”€â”€â”€â”€â”€â”€â”€â”€â”€â”€â”€â”€â”€â”€â”€â”€â”€â”€â”€â”€â”€â”€â”€â”€â”€â”€â”€â”€â”€â”€â”€â”€â”€â”€â”€â”€â”€â”€â”€â”€â”€â”€â”€â”€â”€â”€â”€â”€â”€â”€â”€â”€â”€â”€â”€â”€â”€  
   FAILED  Tests\Feature\Expenses\ExpensesCrudTest > it computes payment staâ€¦   
  Expected response status code [201] but received 403.
Failed asserting that 403 is identical to 201.

  at tests/Feature/Expenses/ExpensesCrudTest.php:58
     54â–•     $this->postJson(route('api.expenses.payments.store', $expense), [
     55â–•         'payment_date' => now()->toDateString(),
     56â–•         'amount' => 40,
     57â–•         'payment_method' => 'cash',
  âžœ  58â–•     ])->assertCreated();
     59â–• 
     60â–•     $expense->refresh();
     61â–•     expect($expense->payment_status)->toBe('partial');
     62â–•

  â”€â”€â”€â”€â”€â”€â”€â”€â”€â”€â”€â”€â”€â”€â”€â”€â”€â”€â”€â”€â”€â”€â”€â”€â”€â”€â”€â”€â”€â”€â”€â”€â”€â”€â”€â”€â”€â”€â”€â”€â”€â”€â”€â”€â”€â”€â”€â”€â”€â”€â”€â”€â”€â”€â”€â”€â”€â”€â”€â”€â”€â”€â”€â”€â”€â”€â”€â”€â”€â”€â”€â”€â”€â”€â”€â”€  
   FAILED  Tests\Feature\Inventory\InventoryAdjustmentsTest > it increase adâ€¦   
  Failed asserting that '3.000' is identical to 3.

  at tests/Feature/Inventory/InventoryAdjustmentsTest.php:25
     21â–•     $service = app(InventoryStockService::class);
     22â–•     $service->adjustStock($item, 3, 'test', $user->id);
     23â–• 
     24â–•     $item->refresh();
  âžœ  25â–•     expect($item->current_stock)->toBe(3);
     26â–•     expect($item->transactions()->count())->toBe(1);
     27â–• });
     28â–• 
     29â–• it('prevent negative stock when disallowed', function () {

  1   tests/Feature/Inventory/InventoryAdjustmentsTest.php:25

  â”€â”€â”€â”€â”€â”€â”€â”€â”€â”€â”€â”€â”€â”€â”€â”€â”€â”€â”€â”€â”€â”€â”€â”€â”€â”€â”€â”€â”€â”€â”€â”€â”€â”€â”€â”€â”€â”€â”€â”€â”€â”€â”€â”€â”€â”€â”€â”€â”€â”€â”€â”€â”€â”€â”€â”€â”€â”€â”€â”€â”€â”€â”€â”€â”€â”€â”€â”€â”€â”€â”€â”€â”€â”€â”€â”€  
   FAILED  Tests\Feature\Inventory\InventoryAdjustmentsTest >â€¦  ViewException   
  Call to a member function hasAnyRole() on null (View: /Users/mohamadsafar/Desktop/Layla Kitchen/RMS-1/resources/views/livewire/inventory/show.blade.php) (View: /Users/mohamadsafar/Desktop/Layla Kitchen/RMS-1/resources/views/livewire/inventory/show.blade.php)

  at vendor/livewire/livewire/src/Mechanisms/ExtendBlade/ExtendedCompilerEngine.php:58
     54â–• 
     55â–•             return;
     56â–•         }
     57â–• 
  âžœ  58â–•         parent::handleViewException($e, $obLevel);
     59â–•     }
     60â–• 
     61â–•     public function shouldBypassExceptionForLivewire(\Throwable $e, $obLevel)
     62â–•     {

      [2m+1 vendor frames [22m

  2   storage/framework/views/66fc6d00c9c35b4033efd3e23b833be3.php:43
      NunoMaduro\Collision\Exceptions\TestException::("Call to a member function hasAnyRole() on null")
  3   storage/framework/views/66fc6d00c9c35b4033efd3e23b833be3.php:43

  â”€â”€â”€â”€â”€â”€â”€â”€â”€â”€â”€â”€â”€â”€â”€â”€â”€â”€â”€â”€â”€â”€â”€â”€â”€â”€â”€â”€â”€â”€â”€â”€â”€â”€â”€â”€â”€â”€â”€â”€â”€â”€â”€â”€â”€â”€â”€â”€â”€â”€â”€â”€â”€â”€â”€â”€â”€â”€â”€â”€â”€â”€â”€â”€â”€â”€â”€â”€â”€â”€â”€â”€â”€â”€â”€â”€  
   FAILED  Tests\Feature\Inventory\InventoryApiTest > it adjust endpoint updâ€¦   
  Failed asserting that '3.000' is identical to 3.

  at tests/Feature/Inventory/InventoryApiTest.php:39
     35â–•         'quantity' => 2,
     36â–•     ]);
     37â–• 
     38â–•     $res->assertOk();
  âžœ  39â–•     expect($item->fresh()->current_stock)->toBe(3);
     40â–• });
     41â–•

  1   tests/Feature/Inventory/InventoryApiTest.php:39

  â”€â”€â”€â”€â”€â”€â”€â”€â”€â”€â”€â”€â”€â”€â”€â”€â”€â”€â”€â”€â”€â”€â”€â”€â”€â”€â”€â”€â”€â”€â”€â”€â”€â”€â”€â”€â”€â”€â”€â”€â”€â”€â”€â”€â”€â”€â”€â”€â”€â”€â”€â”€â”€â”€â”€â”€â”€â”€â”€â”€â”€â”€â”€â”€â”€â”€â”€â”€â”€â”€â”€â”€â”€â”€â”€â”€  
   FAILED  Tests\Feature\Inventory\InventoryItemsWebTest > it admin câ€¦  Error   
  Call to a member function set() on null

  at tests/Feature/Inventory/InventoryItemsWebTest.php:23
     19â–•     $item = InventoryItem::factory()->make();
     20â–• 
     21â–•     Volt::test('inventory.create')
     22â–•         ->actingAs($user)
  âžœ  23â–•         ->set('item_code', $item->item_code)
     24â–•         ->set('name', $item->name)
     25â–•         ->set('units_per_package', 1)
     26â–•         ->set('minimum_stock', 0)
     27â–•         ->set('current_stock', 0)

  1   tests/Feature/Inventory/InventoryItemsWebTest.php:23

  â”€â”€â”€â”€â”€â”€â”€â”€â”€â”€â”€â”€â”€â”€â”€â”€â”€â”€â”€â”€â”€â”€â”€â”€â”€â”€â”€â”€â”€â”€â”€â”€â”€â”€â”€â”€â”€â”€â”€â”€â”€â”€â”€â”€â”€â”€â”€â”€â”€â”€â”€â”€â”€â”€â”€â”€â”€â”€â”€â”€â”€â”€â”€â”€â”€â”€â”€â”€â”€â”€â”€â”€â”€â”€â”€â”€  
   FAILED  Tests\Feature\Inventory\InventoryItemsWebTest > it initialâ€¦  Error   
  Call to a member function set() on null

  at tests/Feature/Inventory/InventoryItemsWebTest.php:41
     37â–•     $item = InventoryItem::factory()->make();
     38â–• 
     39â–•     Volt::test('inventory.create')
     40â–•         ->actingAs($user)
  âžœ  41â–•         ->set('item_code', $item->item_code)
     42â–•         ->set('name', $item->name)
     43â–•         ->set('units_per_package', 1)
     44â–•         ->set('minimum_stock', 0)
     45â–•         ->set('current_stock', 5)

  1   tests/Feature/Inventory/InventoryItemsWebTest.php:41

  â”€â”€â”€â”€â”€â”€â”€â”€â”€â”€â”€â”€â”€â”€â”€â”€â”€â”€â”€â”€â”€â”€â”€â”€â”€â”€â”€â”€â”€â”€â”€â”€â”€â”€â”€â”€â”€â”€â”€â”€â”€â”€â”€â”€â”€â”€â”€â”€â”€â”€â”€â”€â”€â”€â”€â”€â”€â”€â”€â”€â”€â”€â”€â”€â”€â”€â”€â”€â”€â”€â”€â”€â”€â”€â”€â”€  
   FAILED  Tests\Feature\MenuItems\MenuItemsUsageTest > it bâ€¦  QueryException   
  SQLSTATE[HY000]: General error: 1364 Field 'order_id' doesn't have a default value (Connection: mysql, Host: 127.0.0.1, Port: 3306, Database: store_test, SQL: insert into `order_items` (`menu_item_id`) values (432))

  at vendor/laravel/framework/src/Illuminate/Database/MySqlConnection.php:53
     49â–•             $this->bindValues($statement, $this->prepareBindings($bindings));
     50â–• 
     51â–•             $this->recordsHaveBeenModified();
     52â–• 
  âžœ  53â–•             $result = $statement->execute();
     54â–• 
     55â–•             $this->lastInsertId = $this->getPdo()->lastInsertId($sequence);
     56â–• 
     57â–•             return $result;

      [2m+5 vendor frames [22m
  6   tests/Feature/MenuItems/MenuItemsUsageTest.php:29

  â”€â”€â”€â”€â”€â”€â”€â”€â”€â”€â”€â”€â”€â”€â”€â”€â”€â”€â”€â”€â”€â”€â”€â”€â”€â”€â”€â”€â”€â”€â”€â”€â”€â”€â”€â”€â”€â”€â”€â”€â”€â”€â”€â”€â”€â”€â”€â”€â”€â”€â”€â”€â”€â”€â”€â”€â”€â”€â”€â”€â”€â”€â”€â”€â”€â”€â”€â”€â”€â”€â”€â”€â”€â”€â”€â”€  
   FAILED  Tests\Feature\MenuItems\MenuItemsWebTest > it admin can crâ€¦  Error   
  Call to a member function set() on null

  at tests/Feature/MenuItems/MenuItemsWebTest.php:22
     18â–•     $item = MenuItem::factory()->make();
     19â–• 
     20â–•     Volt::test('menu-items.create')
     21â–•         ->actingAs($user)
  âžœ  22â–•         ->set('code', $item->code)
     23â–•         ->set('name', $item->name)
     24â–•         ->set('selling_price_per_unit', $item->selling_price_per_unit)
     25â–•         ->set('tax_rate', $item->tax_rate)
     26â–•         ->set('is_active', true)

  1   tests/Feature/MenuItems/MenuItemsWebTest.php:22

  â”€â”€â”€â”€â”€â”€â”€â”€â”€â”€â”€â”€â”€â”€â”€â”€â”€â”€â”€â”€â”€â”€â”€â”€â”€â”€â”€â”€â”€â”€â”€â”€â”€â”€â”€â”€â”€â”€â”€â”€â”€â”€â”€â”€â”€â”€â”€â”€â”€â”€â”€â”€â”€â”€â”€â”€â”€â”€â”€â”€â”€â”€â”€â”€â”€â”€â”€â”€â”€â”€â”€â”€â”€â”€â”€â”€  
   FAILED  Tests\Feature\MenuItems\MenuItemsWebTest > it searâ€¦  ViewException   
  Call to a member function hasAnyRole() on null (View: /Users/mohamadsafar/Desktop/Layla Kitchen/RMS-1/resources/views/livewire/menu-items/index.blade.php) (View: /Users/mohamadsafar/Desktop/Layla Kitchen/RMS-1/resources/views/livewire/menu-items/index.blade.php)

  at vendor/livewire/livewire/src/Mechanisms/ExtendBlade/ExtendedCompilerEngine.php:58
     54â–• 
     55â–•             return;
     56â–•         }
     57â–• 
  âžœ  58â–•         parent::handleViewException($e, $obLevel);
     59â–•     }
     60â–• 
     61â–•     public function shouldBypassExceptionForLivewire(\Throwable $e, $obLevel)
     62â–•     {

      [2m+1 vendor frames [22m

  2   storage/framework/views/4ba7c30bfc012af1d0033f5803794ec1.php:20
      NunoMaduro\Collision\Exceptions\TestException::("Call to a member function hasAnyRole() on null")
  3   storage/framework/views/4ba7c30bfc012af1d0033f5803794ec1.php:20

  â”€â”€â”€â”€â”€â”€â”€â”€â”€â”€â”€â”€â”€â”€â”€â”€â”€â”€â”€â”€â”€â”€â”€â”€â”€â”€â”€â”€â”€â”€â”€â”€â”€â”€â”€â”€â”€â”€â”€â”€â”€â”€â”€â”€â”€â”€â”€â”€â”€â”€â”€â”€â”€â”€â”€â”€â”€â”€â”€â”€â”€â”€â”€â”€â”€â”€â”€â”€â”€â”€â”€â”€â”€â”€â”€â”€  
   FAILED  Tests\Feature\PettyCash\ExpensesWorkflowTest > it approval reduceâ€¦   
  Failed asserting that '14.00' is identical to 14.0.

  at tests/Feature/PettyCash/ExpensesWorkflowTest.php:38
     34â–•     $workflow = app(PettyCashExpenseWorkflowService::class);
     35â–• 
     36â–•     // approve
     37â–•     $workflow->approve($expense, 1);
  âžœ  38â–•     expect($wallet->refresh()->balance)->toBe(14.00);
     39â–• });
     40â–• 
     41â–• it('reject does not affect balance', function () {
     42â–•     $wallet = PettyCashWallet::factory()->create(['balance' => 15]);

  1   tests/Feature/PettyCash/ExpensesWorkflowTest.php:38

  â”€â”€â”€â”€â”€â”€â”€â”€â”€â”€â”€â”€â”€â”€â”€â”€â”€â”€â”€â”€â”€â”€â”€â”€â”€â”€â”€â”€â”€â”€â”€â”€â”€â”€â”€â”€â”€â”€â”€â”€â”€â”€â”€â”€â”€â”€â”€â”€â”€â”€â”€â”€â”€â”€â”€â”€â”€â”€â”€â”€â”€â”€â”€â”€â”€â”€â”€â”€â”€â”€â”€â”€â”€â”€â”€â”€  
   FAILED  Tests\Feature\PettyCash\ExpensesWorkflowTest > it reject does notâ€¦   
  Failed asserting that '15.00' is identical to 15.0.

  at tests/Feature/PettyCash/ExpensesWorkflowTest.php:52
     48â–• 
     49â–•     $workflow = app(PettyCashExpenseWorkflowService::class);
     50â–•     $workflow->reject($expense, 1);
     51â–• 
  âžœ  52â–•     expect($wallet->refresh()->balance)->toBe(15.00);
     53â–• });
     54â–• 
     55â–• it('prevents negative balance when disallowed', function () {
     56â–•     config()->set('petty_cash.allow_negative_wallet_balance', false);

  1   tests/Feature/PettyCash/ExpensesWorkflowTest.php:52

  â”€â”€â”€â”€â”€â”€â”€â”€â”€â”€â”€â”€â”€â”€â”€â”€â”€â”€â”€â”€â”€â”€â”€â”€â”€â”€â”€â”€â”€â”€â”€â”€â”€â”€â”€â”€â”€â”€â”€â”€â”€â”€â”€â”€â”€â”€â”€â”€â”€â”€â”€â”€â”€â”€â”€â”€â”€â”€â”€â”€â”€â”€â”€â”€â”€â”€â”€â”€â”€â”€â”€â”€â”€â”€â”€â”€  
   FAILED  Tests\Feature\PettyCash\IssuesTest > it increases wallet balanceâ€¦    
  Failed asserting that '15.00' is identical to 15.0.

  at tests/Feature/PettyCash/IssuesTest.php:31
     27â–•         'amount' => 5,
     28â–•         'method' => 'cash',
     29â–•     ], 1);
     30â–• 
  âžœ  31â–•     expect($wallet->refresh()->balance)->toBe(15.00);
     32â–• });
     33â–•

  1   tests/Feature/PettyCash/IssuesTest.php:31

  â”€â”€â”€â”€â”€â”€â”€â”€â”€â”€â”€â”€â”€â”€â”€â”€â”€â”€â”€â”€â”€â”€â”€â”€â”€â”€â”€â”€â”€â”€â”€â”€â”€â”€â”€â”€â”€â”€â”€â”€â”€â”€â”€â”€â”€â”€â”€â”€â”€â”€â”€â”€â”€â”€â”€â”€â”€â”€â”€â”€â”€â”€â”€â”€â”€â”€â”€â”€â”€â”€â”€â”€â”€â”€â”€â”€  
   FAILED  Tests\Feature\PettyCash\ReconciliationsTest > it applies reconcilâ€¦   
  Failed asserting that '40.00' is identical to 40.0.

  at tests/Feature/PettyCash/ReconciliationsTest.php:35
     31â–•         'period_end' => now()->toDateString(),
     32â–•         'counted_balance' => 40,
     33â–•     ], 1);
     34â–• 
  âžœ  35â–•     expect($wallet->refresh()->balance)->toBe(40.00);
     36â–• });
     37â–• 
     38â–• it('does not apply reconciliation to wallet balance when disabled', function () {
     39â–•     config()->set('petty_cash.apply_reconciliation_to_wallet_balance', false);

  1   tests/Feature/PettyCash/ReconciliationsTest.php:35

  â”€â”€â”€â”€â”€â”€â”€â”€â”€â”€â”€â”€â”€â”€â”€â”€â”€â”€â”€â”€â”€â”€â”€â”€â”€â”€â”€â”€â”€â”€â”€â”€â”€â”€â”€â”€â”€â”€â”€â”€â”€â”€â”€â”€â”€â”€â”€â”€â”€â”€â”€â”€â”€â”€â”€â”€â”€â”€â”€â”€â”€â”€â”€â”€â”€â”€â”€â”€â”€â”€â”€â”€â”€â”€â”€â”€  
   FAILED  Tests\Feature\PettyCash\ReconciliationsTest > it does not apply râ€¦   
  Failed asserting that '30.00' is identical to 30.0.

  at tests/Feature/PettyCash/ReconciliationsTest.php:49
     45â–•         'period_end' => now()->toDateString(),
     46â–•         'counted_balance' => 40,
     47â–•     ], 1);
     48â–• 
  âžœ  49â–•     expect($wallet->refresh()->balance)->toBe(30.00);
     50â–• });
     51â–•

  1   tests/Feature/PettyCash/ReconciliationsTest.php:49

  â”€â”€â”€â”€â”€â”€â”€â”€â”€â”€â”€â”€â”€â”€â”€â”€â”€â”€â”€â”€â”€â”€â”€â”€â”€â”€â”€â”€â”€â”€â”€â”€â”€â”€â”€â”€â”€â”€â”€â”€â”€â”€â”€â”€â”€â”€â”€â”€â”€â”€â”€â”€â”€â”€â”€â”€â”€â”€â”€â”€â”€â”€â”€â”€â”€â”€â”€â”€â”€â”€â”€â”€â”€â”€â”€â”€  
   FAILED  Tests\Feature\PurchaseOrders\PurchaseOrdersWorkflowTest > it creaâ€¦   
  Failed asserting that a row in the table [purchase_order_items] matches the attributes {
    "purchase_order_id": 1,
    "quantity": 2
}.

Found: [
    {
        "purchase_order_id": 6,
        "quantity": "2.000"
    }
].

  at tests/Feature/PurchaseOrders/PurchaseOrdersWorkflowTest.php:35
     31â–•     ]);
     32â–• 
     33â–•     $response->assertCreated();
     34â–•     $this->assertDatabaseHas('purchase_orders', ['po_number' => 'PO-TEST', 'status' => 'draft']);
  âžœ  35â–•     $this->assertDatabaseHas('purchase_order_items', ['purchase_order_id' => 1, 'quantity' => 2]);
     36â–• });
     37â–• 
     38â–• it('approves and receives purchase order', function () {
     39â–•     $supplier = Supplier::factory()->create();

  â”€â”€â”€â”€â”€â”€â”€â”€â”€â”€â”€â”€â”€â”€â”€â”€â”€â”€â”€â”€â”€â”€â”€â”€â”€â”€â”€â”€â”€â”€â”€â”€â”€â”€â”€â”€â”€â”€â”€â”€â”€â”€â”€â”€â”€â”€â”€â”€â”€â”€â”€â”€â”€â”€â”€â”€â”€â”€â”€â”€â”€â”€â”€â”€â”€â”€â”€â”€â”€â”€â”€â”€â”€â”€â”€â”€  
   FAILED  Tests\Feature\PurchaseOrders\PurchaseOrdersWorkflowTest > it apprâ€¦   
  Failed asserting that '2.000' is identical to 2.

  at tests/Feature/PurchaseOrders/PurchaseOrdersWorkflowTest.php:63
     59â–• 
     60â–•     $po->refresh();
     61â–•     expect($po->status)->toBe(PurchaseOrder::STATUS_APPROVED);
     62â–•     $item->refresh();
  âžœ  63â–•     expect($item->current_stock)->toBe(2);
     64â–• });
     65â–•

  1   tests/Feature/PurchaseOrders/PurchaseOrdersWorkflowTest.php:63

  â”€â”€â”€â”€â”€â”€â”€â”€â”€â”€â”€â”€â”€â”€â”€â”€â”€â”€â”€â”€â”€â”€â”€â”€â”€â”€â”€â”€â”€â”€â”€â”€â”€â”€â”€â”€â”€â”€â”€â”€â”€â”€â”€â”€â”€â”€â”€â”€â”€â”€â”€â”€â”€â”€â”€â”€â”€â”€â”€â”€â”€â”€â”€â”€â”€â”€â”€â”€â”€â”€â”€â”€â”€â”€â”€â”€  
   FAILED  Tests\Feature\Recipes\RecipeCostingTest > it compâ€¦  QueryException   
  SQLSTATE[22003]: Numeric value out of range: 1264 Out of range value for column 'overhead_pct' at row 1 (Connection: mysql, Host: 127.0.0.1, Port: 3306, Database: store_test, SQL: insert into `recipes` (`name`, `description`, `category_id`, `yield_quantity`, `yield_unit`, `overhead_pct`, `selling_price_per_unit`, `updated_at`, `created_at`) values (doloribus excepturi rerum, Iste voluptatem qui incidunt sunt., ?, 2, kg, 12, 20, 2026-01-28 08:15:55, 2026-01-28 08:15:55))

  at vendor/laravel/framework/src/Illuminate/Database/MySqlConnection.php:53
     49â–•             $this->bindValues($statement, $this->prepareBindings($bindings));
     50â–• 
     51â–•             $this->recordsHaveBeenModified();
     52â–• 
  âžœ  53â–•             $result = $statement->execute();
     54â–• 
     55â–•             $this->lastInsertId = $this->getPdo()->lastInsertId($sequence);
     56â–• 
     57â–•             return $result;

      [2m+15 vendor frames [22m
  16  tests/Feature/Recipes/RecipeCostingTest.php:12

  â”€â”€â”€â”€â”€â”€â”€â”€â”€â”€â”€â”€â”€â”€â”€â”€â”€â”€â”€â”€â”€â”€â”€â”€â”€â”€â”€â”€â”€â”€â”€â”€â”€â”€â”€â”€â”€â”€â”€â”€â”€â”€â”€â”€â”€â”€â”€â”€â”€â”€â”€â”€â”€â”€â”€â”€â”€â”€â”€â”€â”€â”€â”€â”€â”€â”€â”€â”€â”€â”€â”€â”€â”€â”€â”€â”€  
   FAILED  Tests\Feature\Recipes\RecipeProductionTest > it pâ€¦  QueryException   
  SQLSTATE[42S22]: Column not found: 1054 Unknown column 'updated_at' in 'field list' (Connection: mysql, Host: 127.0.0.1, Port: 3306, Database: store_test, SQL: insert into `recipe_productions` (`recipe_id`, `produced_quantity`, `production_date`, `reference`, `notes`, `created_by`, `updated_at`, `created_at`) values (2, 5, 2026-01-28 08:15:55, BATCH-1, ?, 1, 2026-01-28 08:15:55, 2026-01-28 08:15:55))

  at vendor/laravel/framework/src/Illuminate/Database/MySqlConnection.php:47
     43â–•             if ($this->pretending()) {
     44â–•                 return true;
     45â–•             }
     46â–• 
  âžœ  47â–•             $statement = $this->getPdo()->prepare($query);
     48â–• 
     49â–•             $this->bindValues($statement, $this->prepareBindings($bindings));
     50â–• 
     51â–•             $this->recordsHaveBeenModified();

      [2m+16 vendor frames [22m
  17  app/Services/Recipes/RecipeProductionService.php:97
      [2m+3 vendor frames [22m
  21  app/Services/Recipes/RecipeProductionService.php:36

  â”€â”€â”€â”€â”€â”€â”€â”€â”€â”€â”€â”€â”€â”€â”€â”€â”€â”€â”€â”€â”€â”€â”€â”€â”€â”€â”€â”€â”€â”€â”€â”€â”€â”€â”€â”€â”€â”€â”€â”€â”€â”€â”€â”€â”€â”€â”€â”€â”€â”€â”€â”€â”€â”€â”€â”€â”€â”€â”€â”€â”€â”€â”€â”€â”€â”€â”€â”€â”€â”€â”€â”€â”€â”€â”€â”€  
   FAILED  Tests\Feature\Recipes\RecipeProductionTest > it blocks fractionalâ€¦   
  Failed asserting that an instance of class Illuminate\Database\QueryException is an instance of class Illuminate\Validation\ValidationException.

  at tests/Feature/Recipes/RecipeProductionTest.php:62
     58â–• 
     59â–•     // produced_quantity 2.5 => factor 0.5 => required 2.5 units => 2.5/5 = 0.5 packages (fractional)
     60â–•     expect(fn () => $service->produce($recipe, [
     61â–•         'produced_quantity' => 2.5,
  âžœ  62â–•     ], userId: 1))->toThrow(ValidationException::class);
     63â–• });
     64â–• 
     65â–• it('blocks insufficient stock when negative stock disallowed', function () {
     66â–•     config()->set('inventory.allow_negative_stock', false);

  1   tests/Feature/Recipes/RecipeProductionTest.php:62

  â”€â”€â”€â”€â”€â”€â”€â”€â”€â”€â”€â”€â”€â”€â”€â”€â”€â”€â”€â”€â”€â”€â”€â”€â”€â”€â”€â”€â”€â”€â”€â”€â”€â”€â”€â”€â”€â”€â”€â”€â”€â”€â”€â”€â”€â”€â”€â”€â”€â”€â”€â”€â”€â”€â”€â”€â”€â”€â”€â”€â”€â”€â”€â”€â”€â”€â”€â”€â”€â”€â”€â”€â”€â”€â”€â”€  
   FAILED  Tests\Feature\Settings\ProfileUpdateTest > profile page is displaâ€¦   
  Expected response status code [200] but received 500.
Failed asserting that 500 is identical to 200.

The following exception occurred during the last request:

InvalidArgumentException: No hint path defined for [layouts]. in /Users/mohamadsafar/Desktop/Layla Kitchen/RMS-1/vendor/laravel/framework/src/Illuminate/View/FileViewFinder.php:111
Stack trace:
#0 /Users/mohamadsafar/Desktop/Layla Kitchen/RMS-1/vendor/laravel/framework/src/Illuminate/View/FileViewFinder.php(89): Illuminate\View\FileViewFinder->parseNamespaceSegments('layouts::app')
#1 /Users/mohamadsafar/Desktop/Layla Kitchen/RMS-1/vendor/laravel/framework/src/Illuminate/View/FileViewFinder.php(75): Illuminate\View\FileViewFinder->findNamespacedView('layouts::app')
#2 /Users/mohamadsafar/Desktop/Layla Kitchen/RMS-1/vendor/laravel/framework/src/Illuminate/View/Factory.php(150): Illuminate\View\FileViewFinder->find('layouts::app')
#3 /Users/mohamadsafar/Desktop/Layla Kitchen/RMS-1/vendor/laravel/framework/src/Illuminate/View/Concerns/ManagesComponents.php(103): Illuminate\View\Factory->make('layouts::app', Array)
#4 /Users/mohamadsafar/Desktop/Layla Kitchen/RMS-1/storage/framework/views/058bb3cb814553b03d0630a6234a0f8c.php(17): Illuminate\View\Factory->renderComponent()
#5 /Users/mohamadsafar/Desktop/Layla Kitchen/RMS-1/vendor/laravel/framework/src/Illuminate/Filesystem/Filesystem.php(123): require('/Users/mohamads...')
#6 /Users/mohamadsafar/Desktop/Layla Kitchen/RMS-1/vendor/laravel/framework/src/Illuminate/Filesystem/Filesystem.php(124): Illuminate\Filesystem\Filesystem::{closure:Illuminate\Filesystem\Filesystem::getRequire():120}()
#7 /Users/mohamadsafar/Desktop/Layla Kitchen/RMS-1/vendor/laravel/framework/src/Illuminate/View/Engines/PhpEngine.php(57): Illuminate\Filesystem\Filesystem->getRequire('/Users/mohamads...', Array)
#8 /Users/mohamadsafar/Desktop/Layla Kitchen/RMS-1/vendor/livewire/livewire/src/Mechanisms/ExtendBlade/ExtendedCompilerEngine.php(22): Illuminate\View\Engines\PhpEngine->evaluatePath('/Users/mohamads...', Array)
#9 /Users/mohamadsafar/Desktop/Layla Kitchen/RMS-1/vendor/laravel/framework/src/Illuminate/View/Engines/CompilerEngine.php(76): Livewire\Mechanisms\ExtendBlade\ExtendedCompilerEngine->evaluatePath('/Users/mohamads...', Array)
#10 /Users/mohamadsafar/Desktop/Layla Kitchen/RMS-1/vendor/livewire/livewire/src/Mechanisms/ExtendBlade/ExtendedCompilerEngine.php(10): Illuminate\View\Engines\CompilerEngine->get('/Users/mohamads...', Array)
#11 /Users/mohamadsafar/Desktop/Layla Kitchen/RMS-1/vendor/laravel/framework/src/Illuminate/View/View.php(208): Livewire\Mechanisms\ExtendBlade\ExtendedCompilerEngine->get('/Users/mohamads...', Array)
#12 /Users/mohamadsafar/Desktop/Layla Kitchen/RMS-1/vendor/laravel/framework/src/Illuminate/View/View.php(191): Illuminate\View\View->getContents()
#13 /Users/mohamadsafar/Desktop/Layla Kitchen/RMS-1/vendor/laravel/framework/src/Illuminate/View/View.php(160): Illuminate\View\View->renderContents()
#14 /Users/mohamadsafar/Desktop/Layla Kitchen/RMS-1/vendor/laravel/framework/src/Illuminate/View/Compilers/BladeCompiler.php(353): Illuminate\View\View->render()
#15 /Users/mohamadsafar/Desktop/Layla Kitchen/RMS-1/vendor/laravel/framework/src/Illuminate/Support/Facades/Facade.php(363): Illuminate\View\Compilers\BladeCompiler::render('    <?php $layo...', Array)
#16 /Users/mohamadsafar/Desktop/Layla Kitchen/RMS-1/vendor/livewire/livewire/src/Features/SupportPageComponents/SupportPageComponents.php(154): Illuminate\Support\Facades\Facade::__callStatic('render', Array)
#17 /Users/mohamadsafar/Desktop/Layla Kitchen/RMS-1/vendor/livewire/livewire/src/Features/SupportPageComponents/HandlesPageComponents.php(26): Livewire\Features\SupportPageComponents\SupportPageComponents::renderContentsIntoLayout('<section wire:s...', Object(Livewire\Features\SupportPageComponents\PageComponentConfig))
#18 /Users/mohamadsafar/Desktop/Layla Kitchen/RMS-1/vendor/laravel/framework/src/Illuminate/Container/BoundMethod.php(36): Livewire\Component->__invoke()
#19 /Users/mohamadsafar/Desktop/Layla Kitchen/RMS-1/vendor/laravel/framework/src/Illuminate/Container/Util.php(43): Illuminate\Container\BoundMethod::{closure:Illuminate\Container\BoundMethod::call():35}()
#20 /Users/mohamadsafar/Desktop/Layla Kitchen/RMS-1/vendor/laravel/framework/src/Illuminate/Container/BoundMethod.php(96): Illuminate\Container\Util::unwrapIfClosure(Object(Closure))
#21 /Users/mohamadsafar/Desktop/Layla Kitchen/RMS-1/vendor/laravel/framework/src/Illuminate/Container/BoundMethod.php(35): Illuminate\Container\BoundMethod::callBoundMethod(Object(Illuminate\Foundation\Application), Array, Object(Closure))
#22 /Users/mohamadsafar/Desktop/Layla Kitchen/RMS-1/vendor/laravel/framework/src/Illuminate/Container/Container.php(799): Illuminate\Container\BoundMethod::call(Object(Illuminate\Foundation\Application), Array, Array, NULL)
#23 /Users/mohamadsafar/Desktop/Layla Kitchen/RMS-1/vendor/livewire/volt/src/VoltManager.php(37): Illuminate\Container\Container->call(Array)
#24 /Users/mohamadsafar/Desktop/Layla Kitchen/RMS-1/vendor/laravel/framework/src/Illuminate/Routing/CallableDispatcher.php(39): Livewire\Volt\VoltManager->{closure:Livewire\Volt\VoltManager::route():34}()
#25 /Users/mohamadsafar/Desktop/Layla Kitchen/RMS-1/vendor/laravel/framework/src/Illuminate/Routing/Route.php(243): Illuminate\Routing\CallableDispatcher->dispatch(Object(Illuminate\Routing\Route), Object(Closure))
#26 /Users/mohamadsafar/Desktop/Layla Kitchen/RMS-1/vendor/laravel/framework/src/Illuminate/Routing/Route.php(214): Illuminate\Routing\Route->runCallable()
#27 /Users/mohamadsafar/Desktop/Layla Kitchen/RMS-1/vendor/laravel/framework/src/Illuminate/Routing/Router.php(822): Illuminate\Routing\Route->run()
#28 /Users/mohamadsafar/Desktop/Layla Kitchen/RMS-1/vendor/laravel/framework/src/Illuminate/Pipeline/Pipeline.php(180): Illuminate\Routing\Router->{closure:Illuminate\Routing\Router::runRouteWithinStack():821}(Object(Illuminate\Http\Request))
#29 /Users/mohamadsafar/Desktop/Layla Kitchen/RMS-1/app/Http/Middleware/CheckActiveUser.php(32): Illuminate\Pipeline\Pipeline->{closure:Illuminate\Pipeline\Pipeline::prepareDestination():178}(Object(Illuminate\Http\Request))
#30 /Users/mohamadsafar/Desktop/Layla Kitchen/RMS-1/vendor/laravel/framework/src/Illuminate/Pipeline/Pipeline.php(219): App\Http\Middleware\CheckActiveUser->handle(Object(Illuminate\Http\Request), Object(Closure))
#31 /Users/mohamadsafar/Desktop/Layla Kitchen/RMS-1/vendor/laravel/framework/src/Illuminate/Routing/Middleware/SubstituteBindings.php(50): Illuminate\Pipeline\Pipeline->{closure:{closure:Illuminate\Pipeline\Pipeline::carry():194}:195}(Object(Illuminate\Http\Request))
#32 /Users/mohamadsafar/Desktop/Layla Kitchen/RMS-1/vendor/laravel/framework/src/Illuminate/Pipeline/Pipeline.php(219): Illuminate\Routing\Middleware\SubstituteBindings->handle(Object(Illuminate\Http\Request), Object(Closure))
#33 /Users/mohamadsafar/Desktop/Layla Kitchen/RMS-1/vendor/laravel/framework/src/Illuminate/Auth/Middleware/Authenticate.php(63): Illuminate\Pipeline\Pipeline->{closure:{closure:Illuminate\Pipeline\Pipeline::carry():194}:195}(Object(Illuminate\Http\Request))
#34 /Users/mohamadsafar/Desktop/Layla Kitchen/RMS-1/vendor/laravel/framework/src/Illuminate/Pipeline/Pipeline.php(219): Illuminate\Auth\Middleware\Authenticate->handle(Object(Illuminate\Http\Request), Object(Closure))
#35 /Users/mohamadsafar/Desktop/Layla Kitchen/RMS-1/vendor/laravel/framework/src/Illuminate/Foundation/Http/Middleware/VerifyCsrfToken.php(87): Illuminate\Pipeline\Pipeline->{closure:{closure:Illuminate\Pipeline\Pipeline::carry():194}:195}(Object(Illuminate\Http\Request))
#36 /Users/mohamadsafar/Desktop/Layla Kitchen/RMS-1/vendor/laravel/framework/src/Illuminate/Pipeline/Pipeline.php(219): Illuminate\Foundation\Http\Middleware\VerifyCsrfToken->handle(Object(Illuminate\Http\Request), Object(Closure))
#37 /Users/mohamadsafar/Desktop/Layla Kitchen/RMS-1/vendor/laravel/framework/src/Illuminate/View/Middleware/ShareErrorsFromSession.php(48): Illuminate\Pipeline\Pipeline->{closure:{closure:Illuminate\Pipeline\Pipeline::carry():194}:195}(Object(Illuminate\Http\Request))
#38 /Users/mohamadsafar/Desktop/Layla Kitchen/RMS-1/vendor/laravel/framework/src/Illuminate/Pipeline/Pipeline.php(219): Illuminate\View\Middleware\ShareErrorsFromSession->handle(Object(Illuminate\Http\Request), Object(Closure))
#39 /Users/mohamadsafar/Desktop/Layla Kitchen/RMS-1/vendor/laravel/framework/src/Illuminate/Session/Middleware/StartSession.php(120): Illuminate\Pipeline\Pipeline->{closure:{closure:Illuminate\Pipeline\Pipeline::carry():194}:195}(Object(Illuminate\Http\Request))
#40 /Users/mohamadsafar/Desktop/Layla Kitchen/RMS-1/vendor/laravel/framework/src/Illuminate/Session/Middleware/StartSession.php(63): Illuminate\Session\Middleware\StartSession->handleStatefulRequest(Object(Illuminate\Http\Request), Object(Illuminate\Session\Store), Object(Closure))
#41 /Users/mohamadsafar/Desktop/Layla Kitchen/RMS-1/vendor/laravel/framework/src/Illuminate/Pipeline/Pipeline.php(219): Illuminate\Session\Middleware\StartSession->handle(Object(Illuminate\Http\Request), Object(Closure))
#42 /Users/mohamadsafar/Desktop/Layla Kitchen/RMS-1/vendor/laravel/framework/src/Illuminate/Cookie/Middleware/AddQueuedCookiesToResponse.php(36): Illuminate\Pipeline\Pipeline->{closure:{closure:Illuminate\Pipeline\Pipeline::carry():194}:195}(Object(Illuminate\Http\Request))
#43 /Users/mohamadsafar/Desktop/Layla Kitchen/RMS-1/vendor/laravel/framework/src/Illuminate/Pipeline/Pipeline.php(219): Illuminate\Cookie\Middleware\AddQueuedCookiesToResponse->handle(Object(Illuminate\Http\Request), Object(Closure))
#44 /Users/mohamadsafar/Desktop/Layla Kitchen/RMS-1/vendor/laravel/framework/src/Illuminate/Cookie/Middleware/EncryptCookies.php(74): Illuminate\Pipeline\Pipeline->{closure:{closure:Illuminate\Pipeline\Pipeline::carry():194}:195}(Object(Illuminate\Http\Request))
#45 /Users/mohamadsafar/Desktop/Layla Kitchen/RMS-1/vendor/laravel/framework/src/Illuminate/Pipeline/Pipeline.php(219): Illuminate\Cookie\Middleware\EncryptCookies->handle(Object(Illuminate\Http\Request), Object(Closure))
#46 /Users/mohamadsafar/Desktop/Layla Kitchen/RMS-1/vendor/laravel/framework/src/Illuminate/Pipeline/Pipeline.php(137): Illuminate\Pipeline\Pipeline->{closure:{closure:Illuminate\Pipeline\Pipeline::carry():194}:195}(Object(Illuminate\Http\Request))
#47 /Users/mohamadsafar/Desktop/Layla Kitchen/RMS-1/vendor/laravel/framework/src/Illuminate/Routing/Router.php(821): Illuminate\Pipeline\Pipeline->then(Object(Closure))
#48 /Users/mohamadsafar/Desktop/Layla Kitchen/RMS-1/vendor/laravel/framework/src/Illuminate/Routing/Router.php(800): Illuminate\Routing\Router->runRouteWithinStack(Object(Illuminate\Routing\Route), Object(Illuminate\Http\Request))
#49 /Users/mohamadsafar/Desktop/Layla Kitchen/RMS-1/vendor/laravel/framework/src/Illuminate/Routing/Router.php(764): Illuminate\Routing\Router->runRoute(Object(Illuminate\Http\Request), Object(Illuminate\Routing\Route))
#50 /Users/mohamadsafar/Desktop/Layla Kitchen/RMS-1/vendor/laravel/framework/src/Illuminate/Routing/Router.php(753): Illuminate\Routing\Router->dispatchToRoute(Object(Illuminate\Http\Request))
#51 /Users/mohamadsafar/Desktop/Layla Kitchen/RMS-1/vendor/laravel/framework/src/Illuminate/Foundation/Http/Kernel.php(200): Illuminate\Routing\Router->dispatch(Object(Illuminate\Http\Request))
#52 /Users/mohamadsafar/Desktop/Layla Kitchen/RMS-1/vendor/laravel/framework/src/Illuminate/Pipeline/Pipeline.php(180): Illuminate\Foundation\Http\Kernel->{closure:Illuminate\Foundation\Http\Kernel::dispatchToRouter():197}(Object(Illuminate\Http\Request))
#53 /Users/mohamadsafar/Desktop/Layla Kitchen/RMS-1/vendor/livewire/livewire/src/Features/SupportDisablingBackButtonCache/DisableBackButtonCacheMiddleware.php(19): Illuminate\Pipeline\Pipeline->{closure:Illuminate\Pipeline\Pipeline::prepareDestination():178}(Object(Illuminate\Http\Request))
#54 /Users/mohamadsafar/Desktop/Layla Kitchen/RMS-1/vendor/laravel/framework/src/Illuminate/Pipeline/Pipeline.php(219): Livewire\Features\SupportDisablingBackButtonCache\DisableBackButtonCacheMiddleware->handle(Object(Illuminate\Http\Request), Object(Closure))
#55 /Users/mohamadsafar/Desktop/Layla Kitchen/RMS-1/vendor/laravel/framework/src/Illuminate/Foundation/Http/Middleware/TransformsRequest.php(21): Illuminate\Pipeline\Pipeline->{closure:{closure:Illuminate\Pipeline\Pipeline::carry():194}:195}(Object(Illuminate\Http\Request))
#56 /Users/mohamadsafar/Desktop/Layla Kitchen/RMS-1/vendor/laravel/framework/src/Illuminate/Foundation/Http/Middleware/ConvertEmptyStringsToNull.php(31): Illuminate\Foundation\Http\Middleware\TransformsRequest->handle(Object(Illuminate\Http\Request), Object(Closure))
#57 /Users/mohamadsafar/Desktop/Layla Kitchen/RMS-1/vendor/laravel/framework/src/Illuminate/Pipeline/Pipeline.php(219): Illuminate\Foundation\Http\Middleware\ConvertEmptyStringsToNull->handle(Object(Illuminate\Http\Request), Object(Closure))
#58 /Users/mohamadsafar/Desktop/Layla Kitchen/RMS-1/vendor/laravel/framework/src/Illuminate/Foundation/Http/Middleware/TransformsRequest.php(21): Illuminate\Pipeline\Pipeline->{closure:{closure:Illuminate\Pipeline\Pipeline::carry():194}:195}(Object(Illuminate\Http\Request))
#59 /Users/mohamadsafar/Desktop/Layla Kitchen/RMS-1/vendor/laravel/framework/src/Illuminate/Foundation/Http/Middleware/TrimStrings.php(51): Illuminate\Foundation\Http\Middleware\TransformsRequest->handle(Object(Illuminate\Http\Request), Object(Closure))
#60 /Users/mohamadsafar/Desktop/Layla Kitchen/RMS-1/vendor/laravel/framework/src/Illuminate/Pipeline/Pipeline.php(219): Illuminate\Foundation\Http\Middleware\TrimStrings->handle(Object(Illuminate\Http\Request), Object(Closure))
#61 /Users/mohamadsafar/Desktop/Layla Kitchen/RMS-1/vendor/laravel/framework/src/Illuminate/Http/Middleware/ValidatePostSize.php(27): Illuminate\Pipeline\Pipeline->{closure:{closure:Illuminate\Pipeline\Pipeline::carry():194}:195}(Object(Illuminate\Http\Request))
#62 /Users/mohamadsafar/Desktop/Layla Kitchen/RMS-1/vendor/laravel/framework/src/Illuminate/Pipeline/Pipeline.php(219): Illuminate\Http\Middleware\ValidatePostSize->handle(Object(Illuminate\Http\Request), Object(Closure))
#63 /Users/mohamadsafar/Desktop/Layla Kitchen/RMS-1/vendor/laravel/framework/src/Illuminate/Foundation/Http/Middleware/PreventRequestsDuringMaintenance.php(109): Illuminate\Pipeline\Pipeline->{closure:{closure:Illuminate\Pipeline\Pipeline::carry():194}:195}(Object(Illuminate\Http\Request))
#64 /Users/mohamadsafar/Desktop/Layla Kitchen/RMS-1/vendor/laravel/framework/src/Illuminate/Pipeline/Pipeline.php(219): Illuminate\Foundation\Http\Middleware\PreventRequestsDuringMaintenance->handle(Object(Illuminate\Http\Request), Object(Closure))
#65 /Users/mohamadsafar/Desktop/Layla Kitchen/RMS-1/vendor/laravel/framework/src/Illuminate/Http/Middleware/HandleCors.php(61): Illuminate\Pipeline\Pipeline->{closure:{closure:Illuminate\Pipeline\Pipeline::carry():194}:195}(Object(Illuminate\Http\Request))
#66 /Users/mohamadsafar/Desktop/Layla Kitchen/RMS-1/vendor/laravel/framework/src/Illuminate/Pipeline/Pipeline.php(219): Illuminate\Http\Middleware\HandleCors->handle(Object(Illuminate\Http\Request), Object(Closure))
#67 /Users/mohamadsafar/Desktop/Layla Kitchen/RMS-1/vendor/laravel/framework/src/Illuminate/Http/Middleware/TrustProxies.php(58): Illuminate\Pipeline\Pipeline->{closure:{closure:Illuminate\Pipeline\Pipeline::carry():194}:195}(Object(Illuminate\Http\Request))
#68 /Users/mohamadsafar/Desktop/Layla Kitchen/RMS-1/vendor/laravel/framework/src/Illuminate/Pipeline/Pipeline.php(219): Illuminate\Http\Middleware\TrustProxies->handle(Object(Illuminate\Http\Request), Object(Closure))
#69 /Users/mohamadsafar/Desktop/Layla Kitchen/RMS-1/vendor/laravel/framework/src/Illuminate/Foundation/Http/Middleware/InvokeDeferredCallbacks.php(22): Illuminate\Pipeline\Pipeline->{closure:{closure:Illuminate\Pipeline\Pipeline::carry():194}:195}(Object(Illuminate\Http\Request))
#70 /Users/mohamadsafar/Desktop/Layla Kitchen/RMS-1/vendor/laravel/framework/src/Illuminate/Pipeline/Pipeline.php(219): Illuminate\Foundation\Http\Middleware\InvokeDeferredCallbacks->handle(Object(Illuminate\Http\Request), Object(Closure))
#71 /Users/mohamadsafar/Desktop/Layla Kitchen/RMS-1/vendor/laravel/framework/src/Illuminate/Http/Middleware/ValidatePathEncoding.php(26): Illuminate\Pipeline\Pipeline->{closure:{closure:Illuminate\Pipeline\Pipeline::carry():194}:195}(Object(Illuminate\Http\Request))
#72 /Users/mohamadsafar/Desktop/Layla Kitchen/RMS-1/vendor/laravel/framework/src/Illuminate/Pipeline/Pipeline.php(219): Illuminate\Http\Middleware\ValidatePathEncoding->handle(Object(Illuminate\Http\Request), Object(Closure))
#73 /Users/mohamadsafar/Desktop/Layla Kitchen/RMS-1/vendor/laravel/framework/src/Illuminate/Pipeline/Pipeline.php(137): Illuminate\Pipeline\Pipeline->{closure:{closure:Illuminate\Pipeline\Pipeline::carry():194}:195}(Object(Illuminate\Http\Request))
#74 /Users/mohamadsafar/Desktop/Layla Kitchen/RMS-1/vendor/laravel/framework/src/Illuminate/Foundation/Http/Kernel.php(175): Illuminate\Pipeline\Pipeline->then(Object(Closure))
#75 /Users/mohamadsafar/Desktop/Layla Kitchen/RMS-1/vendor/laravel/framework/src/Illuminate/Foundation/Http/Kernel.php(144): Illuminate\Foundation\Http\Kernel->sendRequestThroughRouter(Object(Illuminate\Http\Request))
#76 /Users/mohamadsafar/Desktop/Layla Kitchen/RMS-1/vendor/laravel/framework/src/Illuminate/Foundation/Testing/Concerns/MakesHttpRequests.php(607): Illuminate\Foundation\Http\Kernel->handle(Object(Illuminate\Http\Request))
#77 /Users/mohamadsafar/Desktop/Layla Kitchen/RMS-1/vendor/laravel/framework/src/Illuminate/Foundation/Testing/Concerns/MakesHttpRequests.php(368): Illuminate\Foundation\Testing\TestCase->call('GET', 'http://localhos...', Array, Array, Array, Array)
#78 /Users/mohamadsafar/Desktop/Layla Kitchen/RMS-1/tests/Feature/Settings/ProfileUpdateTest.php(9): Illuminate\Foundation\Testing\TestCase->get('http://localhos...')
#79 /Users/mohamadsafar/Desktop/Layla Kitchen/RMS-1/vendor/pestphp/pest/src/Factories/TestCaseMethodFactory.php(168): P\Tests\Feature\Settings\ProfileUpdateTest->{closure:/Users/mohamadsafar/Desktop/Layla Kitchen/RMS-1/tests/Feature/Settings/ProfileUpdateTest.php:6}()
#80 [internal function]: P\Tests\Feature\Settings\ProfileUpdateTest->{closure:Pest\Factories\TestCaseMethodFactory::getClosure():158}()
#81 /Users/mohamadsafar/Desktop/Layla Kitchen/RMS-1/vendor/pestphp/pest/src/Concerns/Testable.php(429): call_user_func_array(Object(Closure), Array)
#82 /Users/mohamadsafar/Desktop/Layla Kitchen/RMS-1/vendor/pestphp/pest/src/Support/ExceptionTrace.php(26): P\Tests\Feature\Settings\ProfileUpdateTest->{closure:Pest\Concerns\Testable::__callClosure():429}()
#83 /Users/mohamadsafar/Desktop/Layla Kitchen/RMS-1/vendor/pestphp/pest/src/Concerns/Testable.php(429): Pest\Support\ExceptionTrace::ensure(Object(Closure))
#84 /Users/mohamadsafar/Desktop/Layla Kitchen/RMS-1/vendor/pestphp/pest/src/Concerns/Testable.php(331): P\Tests\Feature\Settings\ProfileUpdateTest->__callClosure(Object(Closure), Array)
#85 /Users/mohamadsafar/Desktop/Layla Kitchen/RMS-1/vendor/pestphp/pest/src/Factories/TestCaseFactory.php(169) : eval()'d code(17): P\Tests\Feature\Settings\ProfileUpdateTest->__runTest(Object(Closure))
#86 /Users/mohamadsafar/Desktop/Layla Kitchen/RMS-1/vendor/phpunit/phpunit/src/Framework/TestCase.php(1326): P\Tests\Feature\Settings\ProfileUpdateTest->__pest_evaluable_profile_page_is_displayed()
#87 /Users/mohamadsafar/Desktop/Layla Kitchen/RMS-1/vendor/phpunit/phpunit/src/Framework/TestCase.php(519): PHPUnit\Framework\TestCase->runTest()
#88 /Users/mohamadsafar/Desktop/Layla Kitchen/RMS-1/vendor/phpunit/phpunit/src/Framework/TestRunner/TestRunner.php(99): PHPUnit\Framework\TestCase->runBare()
#89 /Users/mohamadsafar/Desktop/Layla Kitchen/RMS-1/vendor/phpunit/phpunit/src/Framework/TestCase.php(359): PHPUnit\Framework\TestRunner->run(Object(P\Tests\Feature\Settings\ProfileUpdateTest))
#90 /Users/mohamadsafar/Desktop/Layla Kitchen/RMS-1/vendor/phpunit/phpunit/src/Framework/TestSuite.php(374): PHPUnit\Framework\TestCase->run()
#91 /Users/mohamadsafar/Desktop/Layla Kitchen/RMS-1/vendor/phpunit/phpunit/src/Framework/TestSuite.php(374): PHPUnit\Framework\TestSuite->run()
#92 /Users/mohamadsafar/Desktop/Layla Kitchen/RMS-1/vendor/phpunit/phpunit/src/Framework/TestSuite.php(374): PHPUnit\Framework\TestSuite->run()
#93 /Users/mohamadsafar/Desktop/Layla Kitchen/RMS-1/vendor/phpunit/phpunit/src/TextUI/TestRunner.php(64): PHPUnit\Framework\TestSuite->run()
#94 /Users/mohamadsafar/Desktop/Layla Kitchen/RMS-1/vendor/phpunit/phpunit/src/TextUI/Application.php(229): PHPUnit\TextUI\TestRunner->run(Object(PHPUnit\TextUI\Configuration\Configuration), Object(PHPUnit\Runner\ResultCache\DefaultResultCache), Object(PHPUnit\Framework\TestSuite))
#95 /Users/mohamadsafar/Desktop/Layla Kitchen/RMS-1/vendor/pestphp/pest/src/Kernel.php(103): PHPUnit\TextUI\Application->run(Array)
#96 /Users/mohamadsafar/Desktop/Layla Kitchen/RMS-1/vendor/pestphp/pest/bin/pest(184): Pest\Kernel->handle(Array, Array)
#97 /Users/mohamadsafar/Desktop/Layla Kitchen/RMS-1/vendor/pestphp/pest/bin/pest(192): {closure:/Users/mohamadsafar/Desktop/Layla Kitchen/RMS-1/vendor/pestphp/pest/bin/pest:18}()
#98 {main}

Next Illuminate\View\ViewException: No hint path defined for [layouts]. (View: /Users/mohamadsafar/Desktop/Layla Kitchen/RMS-1/storage/framework/views/4943bc92ebba41e8b0e508149542e0ad.blade.php) in /Users/mohamadsafar/Desktop/Layla Kitchen/RMS-1/vendor/laravel/framework/src/Illuminate/View/FileViewFinder.php:111
Stack trace:
#0 /Users/mohamadsafar/Desktop/Layla Kitchen/RMS-1/vendor/livewire/livewire/src/Mechanisms/ExtendBlade/ExtendedCompilerEngine.php(58): Illuminate\View\Engines\CompilerEngine->handleViewException(Object(InvalidArgumentException), 2)
#1 /Users/mohamadsafar/Desktop/Layla Kitchen/RMS-1/vendor/laravel/framework/src/Illuminate/View/Engines/PhpEngine.php(59): Livewire\Mechanisms\ExtendBlade\ExtendedCompilerEngine->handleViewException(Object(InvalidArgumentException), 2)
#2 /Users/mohamadsafar/Desktop/Layla Kitchen/RMS-1/vendor/livewire/livewire/src/Mechanisms/ExtendBlade/ExtendedCompilerEngine.php(22): Illuminate\View\Engines\PhpEngine->evaluatePath('/Users/mohamads...', Array)
#3 /Users/mohamadsafar/Desktop/Layla Kitchen/RMS-1/vendor/laravel/framework/src/Illuminate/View/Engines/CompilerEngine.php(76): Livewire\Mechanisms\ExtendBlade\ExtendedCompilerEngine->evaluatePath('/Users/mohamads...', Array)
#4 /Users/mohamadsafar/Desktop/Layla Kitchen/RMS-1/vendor/livewire/livewire/src/Mechanisms/ExtendBlade/ExtendedCompilerEngine.php(10): Illuminate\View\Engines\CompilerEngine->get('/Users/mohamads...', Array)
#5 /Users/mohamadsafar/Desktop/Layla Kitchen/RMS-1/vendor/laravel/framework/src/Illuminate/View/View.php(208): Livewire\Mechanisms\ExtendBlade\ExtendedCompilerEngine->get('/Users/mohamads...', Array)
#6 /Users/mohamadsafar/Desktop/Layla Kitchen/RMS-1/vendor/laravel/framework/src/Illuminate/View/View.php(191): Illuminate\View\View->getContents()
#7 /Users/mohamadsafar/Desktop/Layla Kitchen/RMS-1/vendor/laravel/framework/src/Illuminate/View/View.php(160): Illuminate\View\View->renderContents()
#8 /Users/mohamadsafar/Desktop/Layla Kitchen/RMS-1/vendor/laravel/framework/src/Illuminate/View/Compilers/BladeCompiler.php(353): Illuminate\View\View->render()
#9 /Users/mohamadsafar/Desktop/Layla Kitchen/RMS-1/vendor/laravel/framework/src/Illuminate/Support/Facades/Facade.php(363): Illuminate\View\Compilers\BladeCompiler::render('    <?php $layo...', Array)
#10 /Users/mohamadsafar/Desktop/Layla Kitchen/RMS-1/vendor/livewire/livewire/src/Features/SupportPageComponents/SupportPageComponents.php(154): Illuminate\Support\Facades\Facade::__callStatic('render', Array)
#11 /Users/mohamadsafar/Desktop/Layla Kitchen/RMS-1/vendor/livewire/livewire/src/Features/SupportPageComponents/HandlesPageComponents.php(26): Livewire\Features\SupportPageComponents\SupportPageComponents::renderContentsIntoLayout('<section wire:s...', Object(Livewire\Features\SupportPageComponents\PageComponentConfig))
#12 /Users/mohamadsafar/Desktop/Layla Kitchen/RMS-1/vendor/laravel/framework/src/Illuminate/Container/BoundMethod.php(36): Livewire\Component->__invoke()
#13 /Users/mohamadsafar/Desktop/Layla Kitchen/RMS-1/vendor/laravel/framework/src/Illuminate/Container/Util.php(43): Illuminate\Container\BoundMethod::{closure:Illuminate\Container\BoundMethod::call():35}()
#14 /Users/mohamadsafar/Desktop/Layla Kitchen/RMS-1/vendor/laravel/framework/src/Illuminate/Container/BoundMethod.php(96): Illuminate\Container\Util::unwrapIfClosure(Object(Closure))
#15 /Users/mohamadsafar/Desktop/Layla Kitchen/RMS-1/vendor/laravel/framework/src/Illuminate/Container/BoundMethod.php(35): Illuminate\Container\BoundMethod::callBoundMethod(Object(Illuminate\Foundation\Application), Array, Object(Closure))
#16 /Users/mohamadsafar/Desktop/Layla Kitchen/RMS-1/vendor/laravel/framework/src/Illuminate/Container/Container.php(799): Illuminate\Container\BoundMethod::call(Object(Illuminate\Foundation\Application), Array, Array, NULL)
#17 /Users/mohamadsafar/Desktop/Layla Kitchen/RMS-1/vendor/livewire/volt/src/VoltManager.php(37): Illuminate\Container\Container->call(Array)
#18 /Users/mohamadsafar/Desktop/Layla Kitchen/RMS-1/vendor/laravel/framework/src/Illuminate/Routing/CallableDispatcher.php(39): Livewire\Volt\VoltManager->{closure:Livewire\Volt\VoltManager::route():34}()
#19 /Users/mohamadsafar/Desktop/Layla Kitchen/RMS-1/vendor/laravel/framework/src/Illuminate/Routing/Route.php(243): Illuminate\Routing\CallableDispatcher->dispatch(Object(Illuminate\Routing\Route), Object(Closure))
#20 /Users/mohamadsafar/Desktop/Layla Kitchen/RMS-1/vendor/laravel/framework/src/Illuminate/Routing/Route.php(214): Illuminate\Routing\Route->runCallable()
#21 /Users/mohamadsafar/Desktop/Layla Kitchen/RMS-1/vendor/laravel/framework/src/Illuminate/Routing/Router.php(822): Illuminate\Routing\Route->run()
#22 /Users/mohamadsafar/Desktop/Layla Kitchen/RMS-1/vendor/laravel/framework/src/Illuminate/Pipeline/Pipeline.php(180): Illuminate\Routing\Router->{closure:Illuminate\Routing\Router::runRouteWithinStack():821}(Object(Illuminate\Http\Request))
#23 /Users/mohamadsafar/Desktop/Layla Kitchen/RMS-1/app/Http/Middleware/CheckActiveUser.php(32): Illuminate\Pipeline\Pipeline->{closure:Illuminate\Pipeline\Pipeline::prepareDestination():178}(Object(Illuminate\Http\Request))
#24 /Users/mohamadsafar/Desktop/Layla Kitchen/RMS-1/vendor/laravel/framework/src/Illuminate/Pipeline/Pipeline.php(219): App\Http\Middleware\CheckActiveUser->handle(Object(Illuminate\Http\Request), Object(Closure))
#25 /Users/mohamadsafar/Desktop/Layla Kitchen/RMS-1/vendor/laravel/framework/src/Illuminate/Routing/Middleware/SubstituteBindings.php(50): Illuminate\Pipeline\Pipeline->{closure:{closure:Illuminate\Pipeline\Pipeline::carry():194}:195}(Object(Illuminate\Http\Request))
#26 /Users/mohamadsafar/Desktop/Layla Kitchen/RMS-1/vendor/laravel/framework/src/Illuminate/Pipeline/Pipeline.php(219): Illuminate\Routing\Middleware\SubstituteBindings->handle(Object(Illuminate\Http\Request), Object(Closure))
#27 /Users/mohamadsafar/Desktop/Layla Kitchen/RMS-1/vendor/laravel/framework/src/Illuminate/Auth/Middleware/Authenticate.php(63): Illuminate\Pipeline\Pipeline->{closure:{closure:Illuminate\Pipeline\Pipeline::carry():194}:195}(Object(Illuminate\Http\Request))
#28 /Users/mohamadsafar/Desktop/Layla Kitchen/RMS-1/vendor/laravel/framework/src/Illuminate/Pipeline/Pipeline.php(219): Illuminate\Auth\Middleware\Authenticate->handle(Object(Illuminate\Http\Request), Object(Closure))
#29 /Users/mohamadsafar/Desktop/Layla Kitchen/RMS-1/vendor/laravel/framework/src/Illuminate/Foundation/Http/Middleware/VerifyCsrfToken.php(87): Illuminate\Pipeline\Pipeline->{closure:{closure:Illuminate\Pipeline\Pipeline::carry():194}:195}(Object(Illuminate\Http\Request))
#30 /Users/mohamadsafar/Desktop/Layla Kitchen/RMS-1/vendor/laravel/framework/src/Illuminate/Pipeline/Pipeline.php(219): Illuminate\Foundation\Http\Middleware\VerifyCsrfToken->handle(Object(Illuminate\Http\Request), Object(Closure))
#31 /Users/mohamadsafar/Desktop/Layla Kitchen/RMS-1/vendor/laravel/framework/src/Illuminate/View/Middleware/ShareErrorsFromSession.php(48): Illuminate\Pipeline\Pipeline->{closure:{closure:Illuminate\Pipeline\Pipeline::carry():194}:195}(Object(Illuminate\Http\Request))
#32 /Users/mohamadsafar/Desktop/Layla Kitchen/RMS-1/vendor/laravel/framework/src/Illuminate/Pipeline/Pipeline.php(219): Illuminate\View\Middleware\ShareErrorsFromSession->handle(Object(Illuminate\Http\Request), Object(Closure))
#33 /Users/mohamadsafar/Desktop/Layla Kitchen/RMS-1/vendor/laravel/framework/src/Illuminate/Session/Middleware/StartSession.php(120): Illuminate\Pipeline\Pipeline->{closure:{closure:Illuminate\Pipeline\Pipeline::carry():194}:195}(Object(Illuminate\Http\Request))
#34 /Users/mohamadsafar/Desktop/Layla Kitchen/RMS-1/vendor/laravel/framework/src/Illuminate/Session/Middleware/StartSession.php(63): Illuminate\Session\Middleware\StartSession->handleStatefulRequest(Object(Illuminate\Http\Request), Object(Illuminate\Session\Store), Object(Closure))
#35 /Users/mohamadsafar/Desktop/Layla Kitchen/RMS-1/vendor/laravel/framework/src/Illuminate/Pipeline/Pipeline.php(219): Illuminate\Session\Middleware\StartSession->handle(Object(Illuminate\Http\Request), Object(Closure))
#36 /Users/mohamadsafar/Desktop/Layla Kitchen/RMS-1/vendor/laravel/framework/src/Illuminate/Cookie/Middleware/AddQueuedCookiesToResponse.php(36): Illuminate\Pipeline\Pipeline->{closure:{closure:Illuminate\Pipeline\Pipeline::carry():194}:195}(Object(Illuminate\Http\Request))
#37 /Users/mohamadsafar/Desktop/Layla Kitchen/RMS-1/vendor/laravel/framework/src/Illuminate/Pipeline/Pipeline.php(219): Illuminate\Cookie\Middleware\AddQueuedCookiesToResponse->handle(Object(Illuminate\Http\Request), Object(Closure))
#38 /Users/mohamadsafar/Desktop/Layla Kitchen/RMS-1/vendor/laravel/framework/src/Illuminate/Cookie/Middleware/EncryptCookies.php(74): Illuminate\Pipeline\Pipeline->{closure:{closure:Illuminate\Pipeline\Pipeline::carry():194}:195}(Object(Illuminate\Http\Request))
#39 /Users/mohamadsafar/Desktop/Layla Kitchen/RMS-1/vendor/laravel/framework/src/Illuminate/Pipeline/Pipeline.php(219): Illuminate\Cookie\Middleware\EncryptCookies->handle(Object(Illuminate\Http\Request), Object(Closure))
#40 /Users/mohamadsafar/Desktop/Layla Kitchen/RMS-1/vendor/laravel/framework/src/Illuminate/Pipeline/Pipeline.php(137): Illuminate\Pipeline\Pipeline->{closure:{closure:Illuminate\Pipeline\Pipeline::carry():194}:195}(Object(Illuminate\Http\Request))
#41 /Users/mohamadsafar/Desktop/Layla Kitchen/RMS-1/vendor/laravel/framework/src/Illuminate/Routing/Router.php(821): Illuminate\Pipeline\Pipeline->then(Object(Closure))
#42 /Users/mohamadsafar/Desktop/Layla Kitchen/RMS-1/vendor/laravel/framework/src/Illuminate/Routing/Router.php(800): Illuminate\Routing\Router->runRouteWithinStack(Object(Illuminate\Routing\Route), Object(Illuminate\Http\Request))
#43 /Users/mohamadsafar/Desktop/Layla Kitchen/RMS-1/vendor/laravel/framework/src/Illuminate/Routing/Router.php(764): Illuminate\Routing\Router->runRoute(Object(Illuminate\Http\Request), Object(Illuminate\Routing\Route))
#44 /Users/mohamadsafar/Desktop/Layla Kitchen/RMS-1/vendor/laravel/framework/src/Illuminate/Routing/Router.php(753): Illuminate\Routing\Router->dispatchToRoute(Object(Illuminate\Http\Request))
#45 /Users/mohamadsafar/Desktop/Layla Kitchen/RMS-1/vendor/laravel/framework/src/Illuminate/Foundation/Http/Kernel.php(200): Illuminate\Routing\Router->dispatch(Object(Illuminate\Http\Request))
#46 /Users/mohamadsafar/Desktop/Layla Kitchen/RMS-1/vendor/laravel/framework/src/Illuminate/Pipeline/Pipeline.php(180): Illuminate\Foundation\Http\Kernel->{closure:Illuminate\Foundation\Http\Kernel::dispatchToRouter():197}(Object(Illuminate\Http\Request))
#47 /Users/mohamadsafar/Desktop/Layla Kitchen/RMS-1/vendor/livewire/livewire/src/Features/SupportDisablingBackButtonCache/DisableBackButtonCacheMiddleware.php(19): Illuminate\Pipeline\Pipeline->{closure:Illuminate\Pipeline\Pipeline::prepareDestination():178}(Object(Illuminate\Http\Request))
#48 /Users/mohamadsafar/Desktop/Layla Kitchen/RMS-1/vendor/laravel/framework/src/Illuminate/Pipeline/Pipeline.php(219): Livewire\Features\SupportDisablingBackButtonCache\DisableBackButtonCacheMiddleware->handle(Object(Illuminate\Http\Request), Object(Closure))
#49 /Users/mohamadsafar/Desktop/Layla Kitchen/RMS-1/vendor/laravel/framework/src/Illuminate/Foundation/Http/Middleware/TransformsRequest.php(21): Illuminate\Pipeline\Pipeline->{closure:{closure:Illuminate\Pipeline\Pipeline::carry():194}:195}(Object(Illuminate\Http\Request))
#50 /Users/mohamadsafar/Desktop/Layla Kitchen/RMS-1/vendor/laravel/framework/src/Illuminate/Foundation/Http/Middleware/ConvertEmptyStringsToNull.php(31): Illuminate\Foundation\Http\Middleware\TransformsRequest->handle(Object(Illuminate\Http\Request), Object(Closure))
#51 /Users/mohamadsafar/Desktop/Layla Kitchen/RMS-1/vendor/laravel/framework/src/Illuminate/Pipeline/Pipeline.php(219): Illuminate\Foundation\Http\Middleware\ConvertEmptyStringsToNull->handle(Object(Illuminate\Http\Request), Object(Closure))
#52 /Users/mohamadsafar/Desktop/Layla Kitchen/RMS-1/vendor/laravel/framework/src/Illuminate/Foundation/Http/Middleware/TransformsRequest.php(21): Illuminate\Pipeline\Pipeline->{closure:{closure:Illuminate\Pipeline\Pipeline::carry():194}:195}(Object(Illuminate\Http\Request))
#53 /Users/mohamadsafar/Desktop/Layla Kitchen/RMS-1/vendor/laravel/framework/src/Illuminate/Foundation/Http/Middleware/TrimStrings.php(51): Illuminate\Foundation\Http\Middleware\TransformsRequest->handle(Object(Illuminate\Http\Request), Object(Closure))
#54 /Users/mohamadsafar/Desktop/Layla Kitchen/RMS-1/vendor/laravel/framework/src/Illuminate/Pipeline/Pipeline.php(219): Illuminate\Foundation\Http\Middleware\TrimStrings->handle(Object(Illuminate\Http\Request), Object(Closure))
#55 /Users/mohamadsafar/Desktop/Layla Kitchen/RMS-1/vendor/laravel/framework/src/Illuminate/Http/Middleware/ValidatePostSize.php(27): Illuminate\Pipeline\Pipeline->{closure:{closure:Illuminate\Pipeline\Pipeline::carry():194}:195}(Object(Illuminate\Http\Request))
#56 /Users/mohamadsafar/Desktop/Layla Kitchen/RMS-1/vendor/laravel/framework/src/Illuminate/Pipeline/Pipeline.php(219): Illuminate\Http\Middleware\ValidatePostSize->handle(Object(Illuminate\Http\Request), Object(Closure))
#57 /Users/mohamadsafar/Desktop/Layla Kitchen/RMS-1/vendor/laravel/framework/src/Illuminate/Foundation/Http/Middleware/PreventRequestsDuringMaintenance.php(109): Illuminate\Pipeline\Pipeline->{closure:{closure:Illuminate\Pipeline\Pipeline::carry():194}:195}(Object(Illuminate\Http\Request))
#58 /Users/mohamadsafar/Desktop/Layla Kitchen/RMS-1/vendor/laravel/framework/src/Illuminate/Pipeline/Pipeline.php(219): Illuminate\Foundation\Http\Middleware\PreventRequestsDuringMaintenance->handle(Object(Illuminate\Http\Request), Object(Closure))
#59 /Users/mohamadsafar/Desktop/Layla Kitchen/RMS-1/vendor/laravel/framework/src/Illuminate/Http/Middleware/HandleCors.php(61): Illuminate\Pipeline\Pipeline->{closure:{closure:Illuminate\Pipeline\Pipeline::carry():194}:195}(Object(Illuminate\Http\Request))
#60 /Users/mohamadsafar/Desktop/Layla Kitchen/RMS-1/vendor/laravel/framework/src/Illuminate/Pipeline/Pipeline.php(219): Illuminate\Http\Middleware\HandleCors->handle(Object(Illuminate\Http\Request), Object(Closure))
#61 /Users/mohamadsafar/Desktop/Layla Kitchen/RMS-1/vendor/laravel/framework/src/Illuminate/Http/Middleware/TrustProxies.php(58): Illuminate\Pipeline\Pipeline->{closure:{closure:Illuminate\Pipeline\Pipeline::carry():194}:195}(Object(Illuminate\Http\Request))
#62 /Users/mohamadsafar/Desktop/Layla Kitchen/RMS-1/vendor/laravel/framework/src/Illuminate/Pipeline/Pipeline.php(219): Illuminate\Http\Middleware\TrustProxies->handle(Object(Illuminate\Http\Request), Object(Closure))
#63 /Users/mohamadsafar/Desktop/Layla Kitchen/RMS-1/vendor/laravel/framework/src/Illuminate/Foundation/Http/Middleware/InvokeDeferredCallbacks.php(22): Illuminate\Pipeline\Pipeline->{closure:{closure:Illuminate\Pipeline\Pipeline::carry():194}:195}(Object(Illuminate\Http\Request))
#64 /Users/mohamadsafar/Desktop/Layla Kitchen/RMS-1/vendor/laravel/framework/src/Illuminate/Pipeline/Pipeline.php(219): Illuminate\Foundation\Http\Middleware\InvokeDeferredCallbacks->handle(Object(Illuminate\Http\Request), Object(Closure))
#65 /Users/mohamadsafar/Desktop/Layla Kitchen/RMS-1/vendor/laravel/framework/src/Illuminate/Http/Middleware/ValidatePathEncoding.php(26): Illuminate\Pipeline\Pipeline->{closure:{closure:Illuminate\Pipeline\Pipeline::carry():194}:195}(Object(Illuminate\Http\Request))
#66 /Users/mohamadsafar/Desktop/Layla Kitchen/RMS-1/vendor/laravel/framework/src/Illuminate/Pipeline/Pipeline.php(219): Illuminate\Http\Middleware\ValidatePathEncoding->handle(Object(Illuminate\Http\Request), Object(Closure))
#67 /Users/mohamadsafar/Desktop/Layla Kitchen/RMS-1/vendor/laravel/framework/src/Illuminate/Pipeline/Pipeline.php(137): Illuminate\Pipeline\Pipeline->{closure:{closure:Illuminate\Pipeline\Pipeline::carry():194}:195}(Object(Illuminate\Http\Request))
#68 /Users/mohamadsafar/Desktop/Layla Kitchen/RMS-1/vendor/laravel/framework/src/Illuminate/Foundation/Http/Kernel.php(175): Illuminate\Pipeline\Pipeline->then(Object(Closure))
#69 /Users/mohamadsafar/Desktop/Layla Kitchen/RMS-1/vendor/laravel/framework/src/Illuminate/Foundation/Http/Kernel.php(144): Illuminate\Foundation\Http\Kernel->sendRequestThroughRouter(Object(Illuminate\Http\Request))
#70 /Users/mohamadsafar/Desktop/Layla Kitchen/RMS-1/vendor/laravel/framework/src/Illuminate/Foundation/Testing/Concerns/MakesHttpRequests.php(607): Illuminate\Foundation\Http\Kernel->handle(Object(Illuminate\Http\Request))
#71 /Users/mohamadsafar/Desktop/Layla Kitchen/RMS-1/vendor/laravel/framework/src/Illuminate/Foundation/Testing/Concerns/MakesHttpRequests.php(368): Illuminate\Foundation\Testing\TestCase->call('GET', 'http://localhos...', Array, Array, Array, Array)
#72 /Users/mohamadsafar/Desktop/Layla Kitchen/RMS-1/tests/Feature/Settings/ProfileUpdateTest.php(9): Illuminate\Foundation\Testing\TestCase->get('http://localhos...')
#73 /Users/mohamadsafar/Desktop/Layla Kitchen/RMS-1/vendor/pestphp/pest/src/Factories/TestCaseMethodFactory.php(168): P\Tests\Feature\Settings\ProfileUpdateTest->{closure:/Users/mohamadsafar/Desktop/Layla Kitchen/RMS-1/tests/Feature/Settings/ProfileUpdateTest.php:6}()
#74 [internal function]: P\Tests\Feature\Settings\ProfileUpdateTest->{closure:Pest\Factories\TestCaseMethodFactory::getClosure():158}()
#75 /Users/mohamadsafar/Desktop/Layla Kitchen/RMS-1/vendor/pestphp/pest/src/Concerns/Testable.php(429): call_user_func_array(Object(Closure), Array)
#76 /Users/mohamadsafar/Desktop/Layla Kitchen/RMS-1/vendor/pestphp/pest/src/Support/ExceptionTrace.php(26): P\Tests\Feature\Settings\ProfileUpdateTest->{closure:Pest\Concerns\Testable::__callClosure():429}()
#77 /Users/mohamadsafar/Desktop/Layla Kitchen/RMS-1/vendor/pestphp/pest/src/Concerns/Testable.php(429): Pest\Support\ExceptionTrace::ensure(Object(Closure))
#78 /Users/mohamadsafar/Desktop/Layla Kitchen/RMS-1/vendor/pestphp/pest/src/Concerns/Testable.php(331): P\Tests\Feature\Settings\ProfileUpdateTest->__callClosure(Object(Closure), Array)
#79 /Users/mohamadsafar/Desktop/Layla Kitchen/RMS-1/vendor/pestphp/pest/src/Factories/TestCaseFactory.php(169) : eval()'d code(17): P\Tests\Feature\Settings\ProfileUpdateTest->__runTest(Object(Closure))
#80 /Users/mohamadsafar/Desktop/Layla Kitchen/RMS-1/vendor/phpunit/phpunit/src/Framework/TestCase.php(1326): P\Tests\Feature\Settings\ProfileUpdateTest->__pest_evaluable_profile_page_is_displayed()
#81 /Users/mohamadsafar/Desktop/Layla Kitchen/RMS-1/vendor/phpunit/phpunit/src/Framework/TestCase.php(519): PHPUnit\Framework\TestCase->runTest()
#82 /Users/mohamadsafar/Desktop/Layla Kitchen/RMS-1/vendor/phpunit/phpunit/src/Framework/TestRunner/TestRunner.php(99): PHPUnit\Framework\TestCase->runBare()
#83 /Users/mohamadsafar/Desktop/Layla Kitchen/RMS-1/vendor/phpunit/phpunit/src/Framework/TestCase.php(359): PHPUnit\Framework\TestRunner->run(Object(P\Tests\Feature\Settings\ProfileUpdateTest))
#84 /Users/mohamadsafar/Desktop/Layla Kitchen/RMS-1/vendor/phpunit/phpunit/src/Framework/TestSuite.php(374): PHPUnit\Framework\TestCase->run()
#85 /Users/mohamadsafar/Desktop/Layla Kitchen/RMS-1/vendor/phpunit/phpunit/src/Framework/TestSuite.php(374): PHPUnit\Framework\TestSuite->run()
#86 /Users/mohamadsafar/Desktop/Layla Kitchen/RMS-1/vendor/phpunit/phpunit/src/Framework/TestSuite.php(374): PHPUnit\Framework\TestSuite->run()
#87 /Users/mohamadsafar/Desktop/Layla Kitchen/RMS-1/vendor/phpunit/phpunit/src/TextUI/TestRunner.php(64): PHPUnit\Framework\TestSuite->run()
#88 /Users/mohamadsafar/Desktop/Layla Kitchen/RMS-1/vendor/phpunit/phpunit/src/TextUI/Application.php(229): PHPUnit\TextUI\TestRunner->run(Object(PHPUnit\TextUI\Configuration\Configuration), Object(PHPUnit\Runner\ResultCache\DefaultResultCache), Object(PHPUnit\Framework\TestSuite))
#89 /Users/mohamadsafar/Desktop/Layla Kitchen/RMS-1/vendor/pestphp/pest/src/Kernel.php(103): PHPUnit\TextUI\Application->run(Array)
#90 /Users/mohamadsafar/Desktop/Layla Kitchen/RMS-1/vendor/pestphp/pest/bin/pest(184): Pest\Kernel->handle(Array, Array)
#91 /Users/mohamadsafar/Desktop/Layla Kitchen/RMS-1/vendor/pestphp/pest/bin/pest(192): {closure:/Users/mohamadsafar/Desktop/Layla Kitchen/RMS-1/vendor/pestphp/pest/bin/pest:18}()
#92 {main}

----------------------------------------------------------------------------------

No hint path defined for [layouts]. (View: /Users/mohamadsafar/Desktop/Layla Kitchen/RMS-1/storage/framework/views/4943bc92ebba41e8b0e508149542e0ad.blade.php)

  at tests/Feature/Settings/ProfileUpdateTest.php:9
      5â–• 
      6â–• test('profile page is displayed', function () {
      7â–•     $this->actingAs($user = User::factory()->create());
      8â–• 
  âžœ   9â–•     $this->get(route('profile.edit'))->assertOk();
     10â–• });
     11â–• 
     12â–• test('profile information can be updated', function () {
     13â–•     $user = User::factory()->create();

  â”€â”€â”€â”€â”€â”€â”€â”€â”€â”€â”€â”€â”€â”€â”€â”€â”€â”€â”€â”€â”€â”€â”€â”€â”€â”€â”€â”€â”€â”€â”€â”€â”€â”€â”€â”€â”€â”€â”€â”€â”€â”€â”€â”€â”€â”€â”€â”€â”€â”€â”€â”€â”€â”€â”€â”€â”€â”€â”€â”€â”€â”€â”€â”€â”€â”€â”€â”€â”€â”€â”€â”€â”€â”€â”€â”€  
   FAILED  Tests\Feature\Settings\TwoFactorAuthenticationTest > two factor sâ€¦   
  Expected response status code [200] but received 500.
Failed asserting that 500 is identical to 200.

The following exception occurred during the last request:

InvalidArgumentException: No hint path defined for [layouts]. in /Users/mohamadsafar/Desktop/Layla Kitchen/RMS-1/vendor/laravel/framework/src/Illuminate/View/FileViewFinder.php:111
Stack trace:
#0 /Users/mohamadsafar/Desktop/Layla Kitchen/RMS-1/vendor/laravel/framework/src/Illuminate/View/FileViewFinder.php(89): Illuminate\View\FileViewFinder->parseNamespaceSegments('layouts::app')
#1 /Users/mohamadsafar/Desktop/Layla Kitchen/RMS-1/vendor/laravel/framework/src/Illuminate/View/FileViewFinder.php(75): Illuminate\View\FileViewFinder->findNamespacedView('layouts::app')
#2 /Users/mohamadsafar/Desktop/Layla Kitchen/RMS-1/vendor/laravel/framework/src/Illuminate/View/Factory.php(150): Illuminate\View\FileViewFinder->find('layouts::app')
#3 /Users/mohamadsafar/Desktop/Layla Kitchen/RMS-1/vendor/laravel/framework/src/Illuminate/View/Concerns/ManagesComponents.php(103): Illuminate\View\Factory->make('layouts::app', Array)
#4 /Users/mohamadsafar/Desktop/Layla Kitchen/RMS-1/storage/framework/views/058bb3cb814553b03d0630a6234a0f8c.php(17): Illuminate\View\Factory->renderComponent()
#5 /Users/mohamadsafar/Desktop/Layla Kitchen/RMS-1/vendor/laravel/framework/src/Illuminate/Filesystem/Filesystem.php(123): require('/Users/mohamads...')
#6 /Users/mohamadsafar/Desktop/Layla Kitchen/RMS-1/vendor/laravel/framework/src/Illuminate/Filesystem/Filesystem.php(124): Illuminate\Filesystem\Filesystem::{closure:Illuminate\Filesystem\Filesystem::getRequire():120}()
#7 /Users/mohamadsafar/Desktop/Layla Kitchen/RMS-1/vendor/laravel/framework/src/Illuminate/View/Engines/PhpEngine.php(57): Illuminate\Filesystem\Filesystem->getRequire('/Users/mohamads...', Array)
#8 /Users/mohamadsafar/Desktop/Layla Kitchen/RMS-1/vendor/livewire/livewire/src/Mechanisms/ExtendBlade/ExtendedCompilerEngine.php(22): Illuminate\View\Engines\PhpEngine->evaluatePath('/Users/mohamads...', Array)
#9 /Users/mohamadsafar/Desktop/Layla Kitchen/RMS-1/vendor/laravel/framework/src/Illuminate/View/Engines/CompilerEngine.php(76): Livewire\Mechanisms\ExtendBlade\ExtendedCompilerEngine->evaluatePath('/Users/mohamads...', Array)
#10 /Users/mohamadsafar/Desktop/Layla Kitchen/RMS-1/vendor/livewire/livewire/src/Mechanisms/ExtendBlade/ExtendedCompilerEngine.php(10): Illuminate\View\Engines\CompilerEngine->get('/Users/mohamads...', Array)
#11 /Users/mohamadsafar/Desktop/Layla Kitchen/RMS-1/vendor/laravel/framework/src/Illuminate/View/View.php(208): Livewire\Mechanisms\ExtendBlade\ExtendedCompilerEngine->get('/Users/mohamads...', Array)
#12 /Users/mohamadsafar/Desktop/Layla Kitchen/RMS-1/vendor/laravel/framework/src/Illuminate/View/View.php(191): Illuminate\View\View->getContents()
#13 /Users/mohamadsafar/Desktop/Layla Kitchen/RMS-1/vendor/laravel/framework/src/Illuminate/View/View.php(160): Illuminate\View\View->renderContents()
#14 /Users/mohamadsafar/Desktop/Layla Kitchen/RMS-1/vendor/laravel/framework/src/Illuminate/View/Compilers/BladeCompiler.php(353): Illuminate\View\View->render()
#15 /Users/mohamadsafar/Desktop/Layla Kitchen/RMS-1/vendor/laravel/framework/src/Illuminate/Support/Facades/Facade.php(363): Illuminate\View\Compilers\BladeCompiler::render('    <?php $layo...', Array)
#16 /Users/mohamadsafar/Desktop/Layla Kitchen/RMS-1/vendor/livewire/livewire/src/Features/SupportPageComponents/SupportPageComponents.php(154): Illuminate\Support\Facades\Facade::__callStatic('render', Array)
#17 /Users/mohamadsafar/Desktop/Layla Kitchen/RMS-1/vendor/livewire/livewire/src/Features/SupportPageComponents/HandlesPageComponents.php(26): Livewire\Features\SupportPageComponents\SupportPageComponents::renderContentsIntoLayout('<section wire:s...', Object(Livewire\Features\SupportPageComponents\PageComponentConfig))
#18 /Users/mohamadsafar/Desktop/Layla Kitchen/RMS-1/vendor/laravel/framework/src/Illuminate/Container/BoundMethod.php(36): Livewire\Component->__invoke()
#19 /Users/mohamadsafar/Desktop/Layla Kitchen/RMS-1/vendor/laravel/framework/src/Illuminate/Container/Util.php(43): Illuminate\Container\BoundMethod::{closure:Illuminate\Container\BoundMethod::call():35}()
#20 /Users/mohamadsafar/Desktop/Layla Kitchen/RMS-1/vendor/laravel/framework/src/Illuminate/Container/BoundMethod.php(96): Illuminate\Container\Util::unwrapIfClosure(Object(Closure))
#21 /Users/mohamadsafar/Desktop/Layla Kitchen/RMS-1/vendor/laravel/framework/src/Illuminate/Container/BoundMethod.php(35): Illuminate\Container\BoundMethod::callBoundMethod(Object(Illuminate\Foundation\Application), Array, Object(Closure))
#22 /Users/mohamadsafar/Desktop/Layla Kitchen/RMS-1/vendor/laravel/framework/src/Illuminate/Container/Container.php(799): Illuminate\Container\BoundMethod::call(Object(Illuminate\Foundation\Application), Array, Array, NULL)
#23 /Users/mohamadsafar/Desktop/Layla Kitchen/RMS-1/vendor/livewire/volt/src/VoltManager.php(37): Illuminate\Container\Container->call(Array)
#24 /Users/mohamadsafar/Desktop/Layla Kitchen/RMS-1/vendor/laravel/framework/src/Illuminate/Routing/CallableDispatcher.php(39): Livewire\Volt\VoltManager->{closure:Livewire\Volt\VoltManager::route():34}()
#25 /Users/mohamadsafar/Desktop/Layla Kitchen/RMS-1/vendor/laravel/framework/src/Illuminate/Routing/Route.php(243): Illuminate\Routing\CallableDispatcher->dispatch(Object(Illuminate\Routing\Route), Object(Closure))
#26 /Users/mohamadsafar/Desktop/Layla Kitchen/RMS-1/vendor/laravel/framework/src/Illuminate/Routing/Route.php(214): Illuminate\Routing\Route->runCallable()
#27 /Users/mohamadsafar/Desktop/Layla Kitchen/RMS-1/vendor/laravel/framework/src/Illuminate/Routing/Router.php(822): Illuminate\Routing\Route->run()
#28 /Users/mohamadsafar/Desktop/Layla Kitchen/RMS-1/vendor/laravel/framework/src/Illuminate/Pipeline/Pipeline.php(180): Illuminate\Routing\Router->{closure:Illuminate\Routing\Router::runRouteWithinStack():821}(Object(Illuminate\Http\Request))
#29 /Users/mohamadsafar/Desktop/Layla Kitchen/RMS-1/vendor/laravel/framework/src/Illuminate/Auth/Middleware/RequirePassword.php(84): Illuminate\Pipeline\Pipeline->{closure:Illuminate\Pipeline\Pipeline::prepareDestination():178}(Object(Illuminate\Http\Request))
#30 /Users/mohamadsafar/Desktop/Layla Kitchen/RMS-1/vendor/laravel/framework/src/Illuminate/Pipeline/Pipeline.php(219): Illuminate\Auth\Middleware\RequirePassword->handle(Object(Illuminate\Http\Request), Object(Closure))
#31 /Users/mohamadsafar/Desktop/Layla Kitchen/RMS-1/app/Http/Middleware/CheckActiveUser.php(32): Illuminate\Pipeline\Pipeline->{closure:{closure:Illuminate\Pipeline\Pipeline::carry():194}:195}(Object(Illuminate\Http\Request))
#32 /Users/mohamadsafar/Desktop/Layla Kitchen/RMS-1/vendor/laravel/framework/src/Illuminate/Pipeline/Pipeline.php(219): App\Http\Middleware\CheckActiveUser->handle(Object(Illuminate\Http\Request), Object(Closure))
#33 /Users/mohamadsafar/Desktop/Layla Kitchen/RMS-1/vendor/laravel/framework/src/Illuminate/Routing/Middleware/SubstituteBindings.php(50): Illuminate\Pipeline\Pipeline->{closure:{closure:Illuminate\Pipeline\Pipeline::carry():194}:195}(Object(Illuminate\Http\Request))
#34 /Users/mohamadsafar/Desktop/Layla Kitchen/RMS-1/vendor/laravel/framework/src/Illuminate/Pipeline/Pipeline.php(219): Illuminate\Routing\Middleware\SubstituteBindings->handle(Object(Illuminate\Http\Request), Object(Closure))
#35 /Users/mohamadsafar/Desktop/Layla Kitchen/RMS-1/vendor/laravel/framework/src/Illuminate/Auth/Middleware/Authenticate.php(63): Illuminate\Pipeline\Pipeline->{closure:{closure:Illuminate\Pipeline\Pipeline::carry():194}:195}(Object(Illuminate\Http\Request))
#36 /Users/mohamadsafar/Desktop/Layla Kitchen/RMS-1/vendor/laravel/framework/src/Illuminate/Pipeline/Pipeline.php(219): Illuminate\Auth\Middleware\Authenticate->handle(Object(Illuminate\Http\Request), Object(Closure))
#37 /Users/mohamadsafar/Desktop/Layla Kitchen/RMS-1/vendor/laravel/framework/src/Illuminate/Foundation/Http/Middleware/VerifyCsrfToken.php(87): Illuminate\Pipeline\Pipeline->{closure:{closure:Illuminate\Pipeline\Pipeline::carry():194}:195}(Object(Illuminate\Http\Request))
#38 /Users/mohamadsafar/Desktop/Layla Kitchen/RMS-1/vendor/laravel/framework/src/Illuminate/Pipeline/Pipeline.php(219): Illuminate\Foundation\Http\Middleware\VerifyCsrfToken->handle(Object(Illuminate\Http\Request), Object(Closure))
#39 /Users/mohamadsafar/Desktop/Layla Kitchen/RMS-1/vendor/laravel/framework/src/Illuminate/View/Middleware/ShareErrorsFromSession.php(48): Illuminate\Pipeline\Pipeline->{closure:{closure:Illuminate\Pipeline\Pipeline::carry():194}:195}(Object(Illuminate\Http\Request))
#40 /Users/mohamadsafar/Desktop/Layla Kitchen/RMS-1/vendor/laravel/framework/src/Illuminate/Pipeline/Pipeline.php(219): Illuminate\View\Middleware\ShareErrorsFromSession->handle(Object(Illuminate\Http\Request), Object(Closure))
#41 /Users/mohamadsafar/Desktop/Layla Kitchen/RMS-1/vendor/laravel/framework/src/Illuminate/Session/Middleware/StartSession.php(120): Illuminate\Pipeline\Pipeline->{closure:{closure:Illuminate\Pipeline\Pipeline::carry():194}:195}(Object(Illuminate\Http\Request))
#42 /Users/mohamadsafar/Desktop/Layla Kitchen/RMS-1/vendor/laravel/framework/src/Illuminate/Session/Middleware/StartSession.php(63): Illuminate\Session\Middleware\StartSession->handleStatefulRequest(Object(Illuminate\Http\Request), Object(Illuminate\Session\Store), Object(Closure))
#43 /Users/mohamadsafar/Desktop/Layla Kitchen/RMS-1/vendor/laravel/framework/src/Illuminate/Pipeline/Pipeline.php(219): Illuminate\Session\Middleware\StartSession->handle(Object(Illuminate\Http\Request), Object(Closure))
#44 /Users/mohamadsafar/Desktop/Layla Kitchen/RMS-1/vendor/laravel/framework/src/Illuminate/Cookie/Middleware/AddQueuedCookiesToResponse.php(36): Illuminate\Pipeline\Pipeline->{closure:{closure:Illuminate\Pipeline\Pipeline::carry():194}:195}(Object(Illuminate\Http\Request))
#45 /Users/mohamadsafar/Desktop/Layla Kitchen/RMS-1/vendor/laravel/framework/src/Illuminate/Pipeline/Pipeline.php(219): Illuminate\Cookie\Middleware\AddQueuedCookiesToResponse->handle(Object(Illuminate\Http\Request), Object(Closure))
#46 /Users/mohamadsafar/Desktop/Layla Kitchen/RMS-1/vendor/laravel/framework/src/Illuminate/Cookie/Middleware/EncryptCookies.php(74): Illuminate\Pipeline\Pipeline->{closure:{closure:Illuminate\Pipeline\Pipeline::carry():194}:195}(Object(Illuminate\Http\Request))
#47 /Users/mohamadsafar/Desktop/Layla Kitchen/RMS-1/vendor/laravel/framework/src/Illuminate/Pipeline/Pipeline.php(219): Illuminate\Cookie\Middleware\EncryptCookies->handle(Object(Illuminate\Http\Request), Object(Closure))
#48 /Users/mohamadsafar/Desktop/Layla Kitchen/RMS-1/vendor/laravel/framework/src/Illuminate/Pipeline/Pipeline.php(137): Illuminate\Pipeline\Pipeline->{closure:{closure:Illuminate\Pipeline\Pipeline::carry():194}:195}(Object(Illuminate\Http\Request))
#49 /Users/mohamadsafar/Desktop/Layla Kitchen/RMS-1/vendor/laravel/framework/src/Illuminate/Routing/Router.php(821): Illuminate\Pipeline\Pipeline->then(Object(Closure))
#50 /Users/mohamadsafar/Desktop/Layla Kitchen/RMS-1/vendor/laravel/framework/src/Illuminate/Routing/Router.php(800): Illuminate\Routing\Router->runRouteWithinStack(Object(Illuminate\Routing\Route), Object(Illuminate\Http\Request))
#51 /Users/mohamadsafar/Desktop/Layla Kitchen/RMS-1/vendor/laravel/framework/src/Illuminate/Routing/Router.php(764): Illuminate\Routing\Router->runRoute(Object(Illuminate\Http\Request), Object(Illuminate\Routing\Route))
#52 /Users/mohamadsafar/Desktop/Layla Kitchen/RMS-1/vendor/laravel/framework/src/Illuminate/Routing/Router.php(753): Illuminate\Routing\Router->dispatchToRoute(Object(Illuminate\Http\Request))
#53 /Users/mohamadsafar/Desktop/Layla Kitchen/RMS-1/vendor/laravel/framework/src/Illuminate/Foundation/Http/Kernel.php(200): Illuminate\Routing\Router->dispatch(Object(Illuminate\Http\Request))
#54 /Users/mohamadsafar/Desktop/Layla Kitchen/RMS-1/vendor/laravel/framework/src/Illuminate/Pipeline/Pipeline.php(180): Illuminate\Foundation\Http\Kernel->{closure:Illuminate\Foundation\Http\Kernel::dispatchToRouter():197}(Object(Illuminate\Http\Request))
#55 /Users/mohamadsafar/Desktop/Layla Kitchen/RMS-1/vendor/livewire/livewire/src/Features/SupportDisablingBackButtonCache/DisableBackButtonCacheMiddleware.php(19): Illuminate\Pipeline\Pipeline->{closure:Illuminate\Pipeline\Pipeline::prepareDestination():178}(Object(Illuminate\Http\Request))
#56 /Users/mohamadsafar/Desktop/Layla Kitchen/RMS-1/vendor/laravel/framework/src/Illuminate/Pipeline/Pipeline.php(219): Livewire\Features\SupportDisablingBackButtonCache\DisableBackButtonCacheMiddleware->handle(Object(Illuminate\Http\Request), Object(Closure))
#57 /Users/mohamadsafar/Desktop/Layla Kitchen/RMS-1/vendor/laravel/framework/src/Illuminate/Foundation/Http/Middleware/TransformsRequest.php(21): Illuminate\Pipeline\Pipeline->{closure:{closure:Illuminate\Pipeline\Pipeline::carry():194}:195}(Object(Illuminate\Http\Request))
#58 /Users/mohamadsafar/Desktop/Layla Kitchen/RMS-1/vendor/laravel/framework/src/Illuminate/Foundation/Http/Middleware/ConvertEmptyStringsToNull.php(31): Illuminate\Foundation\Http\Middleware\TransformsRequest->handle(Object(Illuminate\Http\Request), Object(Closure))
#59 /Users/mohamadsafar/Desktop/Layla Kitchen/RMS-1/vendor/laravel/framework/src/Illuminate/Pipeline/Pipeline.php(219): Illuminate\Foundation\Http\Middleware\ConvertEmptyStringsToNull->handle(Object(Illuminate\Http\Request), Object(Closure))
#60 /Users/mohamadsafar/Desktop/Layla Kitchen/RMS-1/vendor/laravel/framework/src/Illuminate/Foundation/Http/Middleware/TransformsRequest.php(21): Illuminate\Pipeline\Pipeline->{closure:{closure:Illuminate\Pipeline\Pipeline::carry():194}:195}(Object(Illuminate\Http\Request))
#61 /Users/mohamadsafar/Desktop/Layla Kitchen/RMS-1/vendor/laravel/framework/src/Illuminate/Foundation/Http/Middleware/TrimStrings.php(51): Illuminate\Foundation\Http\Middleware\TransformsRequest->handle(Object(Illuminate\Http\Request), Object(Closure))
#62 /Users/mohamadsafar/Desktop/Layla Kitchen/RMS-1/vendor/laravel/framework/src/Illuminate/Pipeline/Pipeline.php(219): Illuminate\Foundation\Http\Middleware\TrimStrings->handle(Object(Illuminate\Http\Request), Object(Closure))
#63 /Users/mohamadsafar/Desktop/Layla Kitchen/RMS-1/vendor/laravel/framework/src/Illuminate/Http/Middleware/ValidatePostSize.php(27): Illuminate\Pipeline\Pipeline->{closure:{closure:Illuminate\Pipeline\Pipeline::carry():194}:195}(Object(Illuminate\Http\Request))
#64 /Users/mohamadsafar/Desktop/Layla Kitchen/RMS-1/vendor/laravel/framework/src/Illuminate/Pipeline/Pipeline.php(219): Illuminate\Http\Middleware\ValidatePostSize->handle(Object(Illuminate\Http\Request), Object(Closure))
#65 /Users/mohamadsafar/Desktop/Layla Kitchen/RMS-1/vendor/laravel/framework/src/Illuminate/Foundation/Http/Middleware/PreventRequestsDuringMaintenance.php(109): Illuminate\Pipeline\Pipeline->{closure:{closure:Illuminate\Pipeline\Pipeline::carry():194}:195}(Object(Illuminate\Http\Request))
#66 /Users/mohamadsafar/Desktop/Layla Kitchen/RMS-1/vendor/laravel/framework/src/Illuminate/Pipeline/Pipeline.php(219): Illuminate\Foundation\Http\Middleware\PreventRequestsDuringMaintenance->handle(Object(Illuminate\Http\Request), Object(Closure))
#67 /Users/mohamadsafar/Desktop/Layla Kitchen/RMS-1/vendor/laravel/framework/src/Illuminate/Http/Middleware/HandleCors.php(61): Illuminate\Pipeline\Pipeline->{closure:{closure:Illuminate\Pipeline\Pipeline::carry():194}:195}(Object(Illuminate\Http\Request))
#68 /Users/mohamadsafar/Desktop/Layla Kitchen/RMS-1/vendor/laravel/framework/src/Illuminate/Pipeline/Pipeline.php(219): Illuminate\Http\Middleware\HandleCors->handle(Object(Illuminate\Http\Request), Object(Closure))
#69 /Users/mohamadsafar/Desktop/Layla Kitchen/RMS-1/vendor/laravel/framework/src/Illuminate/Http/Middleware/TrustProxies.php(58): Illuminate\Pipeline\Pipeline->{closure:{closure:Illuminate\Pipeline\Pipeline::carry():194}:195}(Object(Illuminate\Http\Request))
#70 /Users/mohamadsafar/Desktop/Layla Kitchen/RMS-1/vendor/laravel/framework/src/Illuminate/Pipeline/Pipeline.php(219): Illuminate\Http\Middleware\TrustProxies->handle(Object(Illuminate\Http\Request), Object(Closure))
#71 /Users/mohamadsafar/Desktop/Layla Kitchen/RMS-1/vendor/laravel/framework/src/Illuminate/Foundation/Http/Middleware/InvokeDeferredCallbacks.php(22): Illuminate\Pipeline\Pipeline->{closure:{closure:Illuminate\Pipeline\Pipeline::carry():194}:195}(Object(Illuminate\Http\Request))
#72 /Users/mohamadsafar/Desktop/Layla Kitchen/RMS-1/vendor/laravel/framework/src/Illuminate/Pipeline/Pipeline.php(219): Illuminate\Foundation\Http\Middleware\InvokeDeferredCallbacks->handle(Object(Illuminate\Http\Request), Object(Closure))
#73 /Users/mohamadsafar/Desktop/Layla Kitchen/RMS-1/vendor/laravel/framework/src/Illuminate/Http/Middleware/ValidatePathEncoding.php(26): Illuminate\Pipeline\Pipeline->{closure:{closure:Illuminate\Pipeline\Pipeline::carry():194}:195}(Object(Illuminate\Http\Request))
#74 /Users/mohamadsafar/Desktop/Layla Kitchen/RMS-1/vendor/laravel/framework/src/Illuminate/Pipeline/Pipeline.php(219): Illuminate\Http\Middleware\ValidatePathEncoding->handle(Object(Illuminate\Http\Request), Object(Closure))
#75 /Users/mohamadsafar/Desktop/Layla Kitchen/RMS-1/vendor/laravel/framework/src/Illuminate/Pipeline/Pipeline.php(137): Illuminate\Pipeline\Pipeline->{closure:{closure:Illuminate\Pipeline\Pipeline::carry():194}:195}(Object(Illuminate\Http\Request))
#76 /Users/mohamadsafar/Desktop/Layla Kitchen/RMS-1/vendor/laravel/framework/src/Illuminate/Foundation/Http/Kernel.php(175): Illuminate\Pipeline\Pipeline->then(Object(Closure))
#77 /Users/mohamadsafar/Desktop/Layla Kitchen/RMS-1/vendor/laravel/framework/src/Illuminate/Foundation/Http/Kernel.php(144): Illuminate\Foundation\Http\Kernel->sendRequestThroughRouter(Object(Illuminate\Http\Request))
#78 /Users/mohamadsafar/Desktop/Layla Kitchen/RMS-1/vendor/laravel/framework/src/Illuminate/Foundation/Testing/Concerns/MakesHttpRequests.php(607): Illuminate\Foundation\Http\Kernel->handle(Object(Illuminate\Http\Request))
#79 /Users/mohamadsafar/Desktop/Layla Kitchen/RMS-1/vendor/laravel/framework/src/Illuminate/Foundation/Testing/Concerns/MakesHttpRequests.php(368): Illuminate\Foundation\Testing\TestCase->call('GET', 'http://localhos...', Array, Array, Array, Array)
#80 /Users/mohamadsafar/Desktop/Layla Kitchen/RMS-1/tests/Feature/Settings/TwoFactorAuthenticationTest.php(23): Illuminate\Foundation\Testing\TestCase->get('http://localhos...')
#81 /Users/mohamadsafar/Desktop/Layla Kitchen/RMS-1/vendor/pestphp/pest/src/Factories/TestCaseMethodFactory.php(168): P\Tests\Feature\Settings\TwoFactorAuthenticationTest->{closure:/Users/mohamadsafar/Desktop/Layla Kitchen/RMS-1/tests/Feature/Settings/TwoFactorAuthenticationTest.php:18}()
#82 [internal function]: P\Tests\Feature\Settings\TwoFactorAuthenticationTest->{closure:Pest\Factories\TestCaseMethodFactory::getClosure():158}()
#83 /Users/mohamadsafar/Desktop/Layla Kitchen/RMS-1/vendor/pestphp/pest/src/Concerns/Testable.php(429): call_user_func_array(Object(Closure), Array)
#84 /Users/mohamadsafar/Desktop/Layla Kitchen/RMS-1/vendor/pestphp/pest/src/Support/ExceptionTrace.php(26): P\Tests\Feature\Settings\TwoFactorAuthenticationTest->{closure:Pest\Concerns\Testable::__callClosure():429}()
#85 /Users/mohamadsafar/Desktop/Layla Kitchen/RMS-1/vendor/pestphp/pest/src/Concerns/Testable.php(429): Pest\Support\ExceptionTrace::ensure(Object(Closure))
#86 /Users/mohamadsafar/Desktop/Layla Kitchen/RMS-1/vendor/pestphp/pest/src/Concerns/Testable.php(331): P\Tests\Feature\Settings\TwoFactorAuthenticationTest->__callClosure(Object(Closure), Array)
#87 /Users/mohamadsafar/Desktop/Layla Kitchen/RMS-1/vendor/pestphp/pest/src/Factories/TestCaseFactory.php(169) : eval()'d code(17): P\Tests\Feature\Settings\TwoFactorAuthenticationTest->__runTest(Object(Closure))
#88 /Users/mohamadsafar/Desktop/Layla Kitchen/RMS-1/vendor/phpunit/phpunit/src/Framework/TestCase.php(1326): P\Tests\Feature\Settings\TwoFactorAuthenticationTest->__pest_evaluable_two_factor_settings_page_can_be_rendered()
#89 /Users/mohamadsafar/Desktop/Layla Kitchen/RMS-1/vendor/phpunit/phpunit/src/Framework/TestCase.php(519): PHPUnit\Framework\TestCase->runTest()
#90 /Users/mohamadsafar/Desktop/Layla Kitchen/RMS-1/vendor/phpunit/phpunit/src/Framework/TestRunner/TestRunner.php(99): PHPUnit\Framework\TestCase->runBare()
#91 /Users/mohamadsafar/Desktop/Layla Kitchen/RMS-1/vendor/phpunit/phpunit/src/Framework/TestCase.php(359): PHPUnit\Framework\TestRunner->run(Object(P\Tests\Feature\Settings\TwoFactorAuthenticationTest))
#92 /Users/mohamadsafar/Desktop/Layla Kitchen/RMS-1/vendor/phpunit/phpunit/src/Framework/TestSuite.php(374): PHPUnit\Framework\TestCase->run()
#93 /Users/mohamadsafar/Desktop/Layla Kitchen/RMS-1/vendor/phpunit/phpunit/src/Framework/TestSuite.php(374): PHPUnit\Framework\TestSuite->run()
#94 /Users/mohamadsafar/Desktop/Layla Kitchen/RMS-1/vendor/phpunit/phpunit/src/Framework/TestSuite.php(374): PHPUnit\Framework\TestSuite->run()
#95 /Users/mohamadsafar/Desktop/Layla Kitchen/RMS-1/vendor/phpunit/phpunit/src/TextUI/TestRunner.php(64): PHPUnit\Framework\TestSuite->run()
#96 /Users/mohamadsafar/Desktop/Layla Kitchen/RMS-1/vendor/phpunit/phpunit/src/TextUI/Application.php(229): PHPUnit\TextUI\TestRunner->run(Object(PHPUnit\TextUI\Configuration\Configuration), Object(PHPUnit\Runner\ResultCache\DefaultResultCache), Object(PHPUnit\Framework\TestSuite))
#97 /Users/mohamadsafar/Desktop/Layla Kitchen/RMS-1/vendor/pestphp/pest/src/Kernel.php(103): PHPUnit\TextUI\Application->run(Array)
#98 /Users/mohamadsafar/Desktop/Layla Kitchen/RMS-1/vendor/pestphp/pest/bin/pest(184): Pest\Kernel->handle(Array, Array)
#99 /Users/mohamadsafar/Desktop/Layla Kitchen/RMS-1/vendor/pestphp/pest/bin/pest(192): {closure:/Users/mohamadsafar/Desktop/Layla Kitchen/RMS-1/vendor/pestphp/pest/bin/pest:18}()
#100 {main}

Next Illuminate\View\ViewException: No hint path defined for [layouts]. (View: /Users/mohamadsafar/Desktop/Layla Kitchen/RMS-1/storage/framework/views/4943bc92ebba41e8b0e508149542e0ad.blade.php) in /Users/mohamadsafar/Desktop/Layla Kitchen/RMS-1/vendor/laravel/framework/src/Illuminate/View/FileViewFinder.php:111
Stack trace:
#0 /Users/mohamadsafar/Desktop/Layla Kitchen/RMS-1/vendor/livewire/livewire/src/Mechanisms/ExtendBlade/ExtendedCompilerEngine.php(58): Illuminate\View\Engines\CompilerEngine->handleViewException(Object(InvalidArgumentException), 2)
#1 /Users/mohamadsafar/Desktop/Layla Kitchen/RMS-1/vendor/laravel/framework/src/Illuminate/View/Engines/PhpEngine.php(59): Livewire\Mechanisms\ExtendBlade\ExtendedCompilerEngine->handleViewException(Object(InvalidArgumentException), 2)
#2 /Users/mohamadsafar/Desktop/Layla Kitchen/RMS-1/vendor/livewire/livewire/src/Mechanisms/ExtendBlade/ExtendedCompilerEngine.php(22): Illuminate\View\Engines\PhpEngine->evaluatePath('/Users/mohamads...', Array)
#3 /Users/mohamadsafar/Desktop/Layla Kitchen/RMS-1/vendor/laravel/framework/src/Illuminate/View/Engines/CompilerEngine.php(76): Livewire\Mechanisms\ExtendBlade\ExtendedCompilerEngine->evaluatePath('/Users/mohamads...', Array)
#4 /Users/mohamadsafar/Desktop/Layla Kitchen/RMS-1/vendor/livewire/livewire/src/Mechanisms/ExtendBlade/ExtendedCompilerEngine.php(10): Illuminate\View\Engines\CompilerEngine->get('/Users/mohamads...', Array)
#5 /Users/mohamadsafar/Desktop/Layla Kitchen/RMS-1/vendor/laravel/framework/src/Illuminate/View/View.php(208): Livewire\Mechanisms\ExtendBlade\ExtendedCompilerEngine->get('/Users/mohamads...', Array)
#6 /Users/mohamadsafar/Desktop/Layla Kitchen/RMS-1/vendor/laravel/framework/src/Illuminate/View/View.php(191): Illuminate\View\View->getContents()
#7 /Users/mohamadsafar/Desktop/Layla Kitchen/RMS-1/vendor/laravel/framework/src/Illuminate/View/View.php(160): Illuminate\View\View->renderContents()
#8 /Users/mohamadsafar/Desktop/Layla Kitchen/RMS-1/vendor/laravel/framework/src/Illuminate/View/Compilers/BladeCompiler.php(353): Illuminate\View\View->render()
#9 /Users/mohamadsafar/Desktop/Layla Kitchen/RMS-1/vendor/laravel/framework/src/Illuminate/Support/Facades/Facade.php(363): Illuminate\View\Compilers\BladeCompiler::render('    <?php $layo...', Array)
#10 /Users/mohamadsafar/Desktop/Layla Kitchen/RMS-1/vendor/livewire/livewire/src/Features/SupportPageComponents/SupportPageComponents.php(154): Illuminate\Support\Facades\Facade::__callStatic('render', Array)
#11 /Users/mohamadsafar/Desktop/Layla Kitchen/RMS-1/vendor/livewire/livewire/src/Features/SupportPageComponents/HandlesPageComponents.php(26): Livewire\Features\SupportPageComponents\SupportPageComponents::renderContentsIntoLayout('<section wire:s...', Object(Livewire\Features\SupportPageComponents\PageComponentConfig))
#12 /Users/mohamadsafar/Desktop/Layla Kitchen/RMS-1/vendor/laravel/framework/src/Illuminate/Container/BoundMethod.php(36): Livewire\Component->__invoke()
#13 /Users/mohamadsafar/Desktop/Layla Kitchen/RMS-1/vendor/laravel/framework/src/Illuminate/Container/Util.php(43): Illuminate\Container\BoundMethod::{closure:Illuminate\Container\BoundMethod::call():35}()
#14 /Users/mohamadsafar/Desktop/Layla Kitchen/RMS-1/vendor/laravel/framework/src/Illuminate/Container/BoundMethod.php(96): Illuminate\Container\Util::unwrapIfClosure(Object(Closure))
#15 /Users/mohamadsafar/Desktop/Layla Kitchen/RMS-1/vendor/laravel/framework/src/Illuminate/Container/BoundMethod.php(35): Illuminate\Container\BoundMethod::callBoundMethod(Object(Illuminate\Foundation\Application), Array, Object(Closure))
#16 /Users/mohamadsafar/Desktop/Layla Kitchen/RMS-1/vendor/laravel/framework/src/Illuminate/Container/Container.php(799): Illuminate\Container\BoundMethod::call(Object(Illuminate\Foundation\Application), Array, Array, NULL)
#17 /Users/mohamadsafar/Desktop/Layla Kitchen/RMS-1/vendor/livewire/volt/src/VoltManager.php(37): Illuminate\Container\Container->call(Array)
#18 /Users/mohamadsafar/Desktop/Layla Kitchen/RMS-1/vendor/laravel/framework/src/Illuminate/Routing/CallableDispatcher.php(39): Livewire\Volt\VoltManager->{closure:Livewire\Volt\VoltManager::route():34}()
#19 /Users/mohamadsafar/Desktop/Layla Kitchen/RMS-1/vendor/laravel/framework/src/Illuminate/Routing/Route.php(243): Illuminate\Routing\CallableDispatcher->dispatch(Object(Illuminate\Routing\Route), Object(Closure))
#20 /Users/mohamadsafar/Desktop/Layla Kitchen/RMS-1/vendor/laravel/framework/src/Illuminate/Routing/Route.php(214): Illuminate\Routing\Route->runCallable()
#21 /Users/mohamadsafar/Desktop/Layla Kitchen/RMS-1/vendor/laravel/framework/src/Illuminate/Routing/Router.php(822): Illuminate\Routing\Route->run()
#22 /Users/mohamadsafar/Desktop/Layla Kitchen/RMS-1/vendor/laravel/framework/src/Illuminate/Pipeline/Pipeline.php(180): Illuminate\Routing\Router->{closure:Illuminate\Routing\Router::runRouteWithinStack():821}(Object(Illuminate\Http\Request))
#23 /Users/mohamadsafar/Desktop/Layla Kitchen/RMS-1/vendor/laravel/framework/src/Illuminate/Auth/Middleware/RequirePassword.php(84): Illuminate\Pipeline\Pipeline->{closure:Illuminate\Pipeline\Pipeline::prepareDestination():178}(Object(Illuminate\Http\Request))
#24 /Users/mohamadsafar/Desktop/Layla Kitchen/RMS-1/vendor/laravel/framework/src/Illuminate/Pipeline/Pipeline.php(219): Illuminate\Auth\Middleware\RequirePassword->handle(Object(Illuminate\Http\Request), Object(Closure))
#25 /Users/mohamadsafar/Desktop/Layla Kitchen/RMS-1/app/Http/Middleware/CheckActiveUser.php(32): Illuminate\Pipeline\Pipeline->{closure:{closure:Illuminate\Pipeline\Pipeline::carry():194}:195}(Object(Illuminate\Http\Request))
#26 /Users/mohamadsafar/Desktop/Layla Kitchen/RMS-1/vendor/laravel/framework/src/Illuminate/Pipeline/Pipeline.php(219): App\Http\Middleware\CheckActiveUser->handle(Object(Illuminate\Http\Request), Object(Closure))
#27 /Users/mohamadsafar/Desktop/Layla Kitchen/RMS-1/vendor/laravel/framework/src/Illuminate/Routing/Middleware/SubstituteBindings.php(50): Illuminate\Pipeline\Pipeline->{closure:{closure:Illuminate\Pipeline\Pipeline::carry():194}:195}(Object(Illuminate\Http\Request))
#28 /Users/mohamadsafar/Desktop/Layla Kitchen/RMS-1/vendor/laravel/framework/src/Illuminate/Pipeline/Pipeline.php(219): Illuminate\Routing\Middleware\SubstituteBindings->handle(Object(Illuminate\Http\Request), Object(Closure))
#29 /Users/mohamadsafar/Desktop/Layla Kitchen/RMS-1/vendor/laravel/framework/src/Illuminate/Auth/Middleware/Authenticate.php(63): Illuminate\Pipeline\Pipeline->{closure:{closure:Illuminate\Pipeline\Pipeline::carry():194}:195}(Object(Illuminate\Http\Request))
#30 /Users/mohamadsafar/Desktop/Layla Kitchen/RMS-1/vendor/laravel/framework/src/Illuminate/Pipeline/Pipeline.php(219): Illuminate\Auth\Middleware\Authenticate->handle(Object(Illuminate\Http\Request), Object(Closure))
#31 /Users/mohamadsafar/Desktop/Layla Kitchen/RMS-1/vendor/laravel/framework/src/Illuminate/Foundation/Http/Middleware/VerifyCsrfToken.php(87): Illuminate\Pipeline\Pipeline->{closure:{closure:Illuminate\Pipeline\Pipeline::carry():194}:195}(Object(Illuminate\Http\Request))
#32 /Users/mohamadsafar/Desktop/Layla Kitchen/RMS-1/vendor/laravel/framework/src/Illuminate/Pipeline/Pipeline.php(219): Illuminate\Foundation\Http\Middleware\VerifyCsrfToken->handle(Object(Illuminate\Http\Request), Object(Closure))
#33 /Users/mohamadsafar/Desktop/Layla Kitchen/RMS-1/vendor/laravel/framework/src/Illuminate/View/Middleware/ShareErrorsFromSession.php(48): Illuminate\Pipeline\Pipeline->{closure:{closure:Illuminate\Pipeline\Pipeline::carry():194}:195}(Object(Illuminate\Http\Request))
#34 /Users/mohamadsafar/Desktop/Layla Kitchen/RMS-1/vendor/laravel/framework/src/Illuminate/Pipeline/Pipeline.php(219): Illuminate\View\Middleware\ShareErrorsFromSession->handle(Object(Illuminate\Http\Request), Object(Closure))
#35 /Users/mohamadsafar/Desktop/Layla Kitchen/RMS-1/vendor/laravel/framework/src/Illuminate/Session/Middleware/StartSession.php(120): Illuminate\Pipeline\Pipeline->{closure:{closure:Illuminate\Pipeline\Pipeline::carry():194}:195}(Object(Illuminate\Http\Request))
#36 /Users/mohamadsafar/Desktop/Layla Kitchen/RMS-1/vendor/laravel/framework/src/Illuminate/Session/Middleware/StartSession.php(63): Illuminate\Session\Middleware\StartSession->handleStatefulRequest(Object(Illuminate\Http\Request), Object(Illuminate\Session\Store), Object(Closure))
#37 /Users/mohamadsafar/Desktop/Layla Kitchen/RMS-1/vendor/laravel/framework/src/Illuminate/Pipeline/Pipeline.php(219): Illuminate\Session\Middleware\StartSession->handle(Object(Illuminate\Http\Request), Object(Closure))
#38 /Users/mohamadsafar/Desktop/Layla Kitchen/RMS-1/vendor/laravel/framework/src/Illuminate/Cookie/Middleware/AddQueuedCookiesToResponse.php(36): Illuminate\Pipeline\Pipeline->{closure:{closure:Illuminate\Pipeline\Pipeline::carry():194}:195}(Object(Illuminate\Http\Request))
#39 /Users/mohamadsafar/Desktop/Layla Kitchen/RMS-1/vendor/laravel/framework/src/Illuminate/Pipeline/Pipeline.php(219): Illuminate\Cookie\Middleware\AddQueuedCookiesToResponse->handle(Object(Illuminate\Http\Request), Object(Closure))
#40 /Users/mohamadsafar/Desktop/Layla Kitchen/RMS-1/vendor/laravel/framework/src/Illuminate/Cookie/Middleware/EncryptCookies.php(74): Illuminate\Pipeline\Pipeline->{closure:{closure:Illuminate\Pipeline\Pipeline::carry():194}:195}(Object(Illuminate\Http\Request))
#41 /Users/mohamadsafar/Desktop/Layla Kitchen/RMS-1/vendor/laravel/framework/src/Illuminate/Pipeline/Pipeline.php(219): Illuminate\Cookie\Middleware\EncryptCookies->handle(Object(Illuminate\Http\Request), Object(Closure))
#42 /Users/mohamadsafar/Desktop/Layla Kitchen/RMS-1/vendor/laravel/framework/src/Illuminate/Pipeline/Pipeline.php(137): Illuminate\Pipeline\Pipeline->{closure:{closure:Illuminate\Pipeline\Pipeline::carry():194}:195}(Object(Illuminate\Http\Request))
#43 /Users/mohamadsafar/Desktop/Layla Kitchen/RMS-1/vendor/laravel/framework/src/Illuminate/Routing/Router.php(821): Illuminate\Pipeline\Pipeline->then(Object(Closure))
#44 /Users/mohamadsafar/Desktop/Layla Kitchen/RMS-1/vendor/laravel/framework/src/Illuminate/Routing/Router.php(800): Illuminate\Routing\Router->runRouteWithinStack(Object(Illuminate\Routing\Route), Object(Illuminate\Http\Request))
#45 /Users/mohamadsafar/Desktop/Layla Kitchen/RMS-1/vendor/laravel/framework/src/Illuminate/Routing/Router.php(764): Illuminate\Routing\Router->runRoute(Object(Illuminate\Http\Request), Object(Illuminate\Routing\Route))
#46 /Users/mohamadsafar/Desktop/Layla Kitchen/RMS-1/vendor/laravel/framework/src/Illuminate/Routing/Router.php(753): Illuminate\Routing\Router->dispatchToRoute(Object(Illuminate\Http\Request))
#47 /Users/mohamadsafar/Desktop/Layla Kitchen/RMS-1/vendor/laravel/framework/src/Illuminate/Foundation/Http/Kernel.php(200): Illuminate\Routing\Router->dispatch(Object(Illuminate\Http\Request))
#48 /Users/mohamadsafar/Desktop/Layla Kitchen/RMS-1/vendor/laravel/framework/src/Illuminate/Pipeline/Pipeline.php(180): Illuminate\Foundation\Http\Kernel->{closure:Illuminate\Foundation\Http\Kernel::dispatchToRouter():197}(Object(Illuminate\Http\Request))
#49 /Users/mohamadsafar/Desktop/Layla Kitchen/RMS-1/vendor/livewire/livewire/src/Features/SupportDisablingBackButtonCache/DisableBackButtonCacheMiddleware.php(19): Illuminate\Pipeline\Pipeline->{closure:Illuminate\Pipeline\Pipeline::prepareDestination():178}(Object(Illuminate\Http\Request))
#50 /Users/mohamadsafar/Desktop/Layla Kitchen/RMS-1/vendor/laravel/framework/src/Illuminate/Pipeline/Pipeline.php(219): Livewire\Features\SupportDisablingBackButtonCache\DisableBackButtonCacheMiddleware->handle(Object(Illuminate\Http\Request), Object(Closure))
#51 /Users/mohamadsafar/Desktop/Layla Kitchen/RMS-1/vendor/laravel/framework/src/Illuminate/Foundation/Http/Middleware/TransformsRequest.php(21): Illuminate\Pipeline\Pipeline->{closure:{closure:Illuminate\Pipeline\Pipeline::carry():194}:195}(Object(Illuminate\Http\Request))
#52 /Users/mohamadsafar/Desktop/Layla Kitchen/RMS-1/vendor/laravel/framework/src/Illuminate/Foundation/Http/Middleware/ConvertEmptyStringsToNull.php(31): Illuminate\Foundation\Http\Middleware\TransformsRequest->handle(Object(Illuminate\Http\Request), Object(Closure))
#53 /Users/mohamadsafar/Desktop/Layla Kitchen/RMS-1/vendor/laravel/framework/src/Illuminate/Pipeline/Pipeline.php(219): Illuminate\Foundation\Http\Middleware\ConvertEmptyStringsToNull->handle(Object(Illuminate\Http\Request), Object(Closure))
#54 /Users/mohamadsafar/Desktop/Layla Kitchen/RMS-1/vendor/laravel/framework/src/Illuminate/Foundation/Http/Middleware/TransformsRequest.php(21): Illuminate\Pipeline\Pipeline->{closure:{closure:Illuminate\Pipeline\Pipeline::carry():194}:195}(Object(Illuminate\Http\Request))
#55 /Users/mohamadsafar/Desktop/Layla Kitchen/RMS-1/vendor/laravel/framework/src/Illuminate/Foundation/Http/Middleware/TrimStrings.php(51): Illuminate\Foundation\Http\Middleware\TransformsRequest->handle(Object(Illuminate\Http\Request), Object(Closure))
#56 /Users/mohamadsafar/Desktop/Layla Kitchen/RMS-1/vendor/laravel/framework/src/Illuminate/Pipeline/Pipeline.php(219): Illuminate\Foundation\Http\Middleware\TrimStrings->handle(Object(Illuminate\Http\Request), Object(Closure))
#57 /Users/mohamadsafar/Desktop/Layla Kitchen/RMS-1/vendor/laravel/framework/src/Illuminate/Http/Middleware/ValidatePostSize.php(27): Illuminate\Pipeline\Pipeline->{closure:{closure:Illuminate\Pipeline\Pipeline::carry():194}:195}(Object(Illuminate\Http\Request))
#58 /Users/mohamadsafar/Desktop/Layla Kitchen/RMS-1/vendor/laravel/framework/src/Illuminate/Pipeline/Pipeline.php(219): Illuminate\Http\Middleware\ValidatePostSize->handle(Object(Illuminate\Http\Request), Object(Closure))
#59 /Users/mohamadsafar/Desktop/Layla Kitchen/RMS-1/vendor/laravel/framework/src/Illuminate/Foundation/Http/Middleware/PreventRequestsDuringMaintenance.php(109): Illuminate\Pipeline\Pipeline->{closure:{closure:Illuminate\Pipeline\Pipeline::carry():194}:195}(Object(Illuminate\Http\Request))
#60 /Users/mohamadsafar/Desktop/Layla Kitchen/RMS-1/vendor/laravel/framework/src/Illuminate/Pipeline/Pipeline.php(219): Illuminate\Foundation\Http\Middleware\PreventRequestsDuringMaintenance->handle(Object(Illuminate\Http\Request), Object(Closure))
#61 /Users/mohamadsafar/Desktop/Layla Kitchen/RMS-1/vendor/laravel/framework/src/Illuminate/Http/Middleware/HandleCors.php(61): Illuminate\Pipeline\Pipeline->{closure:{closure:Illuminate\Pipeline\Pipeline::carry():194}:195}(Object(Illuminate\Http\Request))
#62 /Users/mohamadsafar/Desktop/Layla Kitchen/RMS-1/vendor/laravel/framework/src/Illuminate/Pipeline/Pipeline.php(219): Illuminate\Http\Middleware\HandleCors->handle(Object(Illuminate\Http\Request), Object(Closure))
#63 /Users/mohamadsafar/Desktop/Layla Kitchen/RMS-1/vendor/laravel/framework/src/Illuminate/Http/Middleware/TrustProxies.php(58): Illuminate\Pipeline\Pipeline->{closure:{closure:Illuminate\Pipeline\Pipeline::carry():194}:195}(Object(Illuminate\Http\Request))
#64 /Users/mohamadsafar/Desktop/Layla Kitchen/RMS-1/vendor/laravel/framework/src/Illuminate/Pipeline/Pipeline.php(219): Illuminate\Http\Middleware\TrustProxies->handle(Object(Illuminate\Http\Request), Object(Closure))
#65 /Users/mohamadsafar/Desktop/Layla Kitchen/RMS-1/vendor/laravel/framework/src/Illuminate/Foundation/Http/Middleware/InvokeDeferredCallbacks.php(22): Illuminate\Pipeline\Pipeline->{closure:{closure:Illuminate\Pipeline\Pipeline::carry():194}:195}(Object(Illuminate\Http\Request))
#66 /Users/mohamadsafar/Desktop/Layla Kitchen/RMS-1/vendor/laravel/framework/src/Illuminate/Pipeline/Pipeline.php(219): Illuminate\Foundation\Http\Middleware\InvokeDeferredCallbacks->handle(Object(Illuminate\Http\Request), Object(Closure))
#67 /Users/mohamadsafar/Desktop/Layla Kitchen/RMS-1/vendor/laravel/framework/src/Illuminate/Http/Middleware/ValidatePathEncoding.php(26): Illuminate\Pipeline\Pipeline->{closure:{closure:Illuminate\Pipeline\Pipeline::carry():194}:195}(Object(Illuminate\Http\Request))
#68 /Users/mohamadsafar/Desktop/Layla Kitchen/RMS-1/vendor/laravel/framework/src/Illuminate/Pipeline/Pipeline.php(219): Illuminate\Http\Middleware\ValidatePathEncoding->handle(Object(Illuminate\Http\Request), Object(Closure))
#69 /Users/mohamadsafar/Desktop/Layla Kitchen/RMS-1/vendor/laravel/framework/src/Illuminate/Pipeline/Pipeline.php(137): Illuminate\Pipeline\Pipeline->{closure:{closure:Illuminate\Pipeline\Pipeline::carry():194}:195}(Object(Illuminate\Http\Request))
#70 /Users/mohamadsafar/Desktop/Layla Kitchen/RMS-1/vendor/laravel/framework/src/Illuminate/Foundation/Http/Kernel.php(175): Illuminate\Pipeline\Pipeline->then(Object(Closure))
#71 /Users/mohamadsafar/Desktop/Layla Kitchen/RMS-1/vendor/laravel/framework/src/Illuminate/Foundation/Http/Kernel.php(144): Illuminate\Foundation\Http\Kernel->sendRequestThroughRouter(Object(Illuminate\Http\Request))
#72 /Users/mohamadsafar/Desktop/Layla Kitchen/RMS-1/vendor/laravel/framework/src/Illuminate/Foundation/Testing/Concerns/MakesHttpRequests.php(607): Illuminate\Foundation\Http\Kernel->handle(Object(Illuminate\Http\Request))
#73 /Users/mohamadsafar/Desktop/Layla Kitchen/RMS-1/vendor/laravel/framework/src/Illuminate/Foundation/Testing/Concerns/MakesHttpRequests.php(368): Illuminate\Foundation\Testing\TestCase->call('GET', 'http://localhos...', Array, Array, Array, Array)
#74 /Users/mohamadsafar/Desktop/Layla Kitchen/RMS-1/tests/Feature/Settings/TwoFactorAuthenticationTest.php(23): Illuminate\Foundation\Testing\TestCase->get('http://localhos...')
#75 /Users/mohamadsafar/Desktop/Layla Kitchen/RMS-1/vendor/pestphp/pest/src/Factories/TestCaseMethodFactory.php(168): P\Tests\Feature\Settings\TwoFactorAuthenticationTest->{closure:/Users/mohamadsafar/Desktop/Layla Kitchen/RMS-1/tests/Feature/Settings/TwoFactorAuthenticationTest.php:18}()
#76 [internal function]: P\Tests\Feature\Settings\TwoFactorAuthenticationTest->{closure:Pest\Factories\TestCaseMethodFactory::getClosure():158}()
#77 /Users/mohamadsafar/Desktop/Layla Kitchen/RMS-1/vendor/pestphp/pest/src/Concerns/Testable.php(429): call_user_func_array(Object(Closure), Array)
#78 /Users/mohamadsafar/Desktop/Layla Kitchen/RMS-1/vendor/pestphp/pest/src/Support/ExceptionTrace.php(26): P\Tests\Feature\Settings\TwoFactorAuthenticationTest->{closure:Pest\Concerns\Testable::__callClosure():429}()
#79 /Users/mohamadsafar/Desktop/Layla Kitchen/RMS-1/vendor/pestphp/pest/src/Concerns/Testable.php(429): Pest\Support\ExceptionTrace::ensure(Object(Closure))
#80 /Users/mohamadsafar/Desktop/Layla Kitchen/RMS-1/vendor/pestphp/pest/src/Concerns/Testable.php(331): P\Tests\Feature\Settings\TwoFactorAuthenticationTest->__callClosure(Object(Closure), Array)
#81 /Users/mohamadsafar/Desktop/Layla Kitchen/RMS-1/vendor/pestphp/pest/src/Factories/TestCaseFactory.php(169) : eval()'d code(17): P\Tests\Feature\Settings\TwoFactorAuthenticationTest->__runTest(Object(Closure))
#82 /Users/mohamadsafar/Desktop/Layla Kitchen/RMS-1/vendor/phpunit/phpunit/src/Framework/TestCase.php(1326): P\Tests\Feature\Settings\TwoFactorAuthenticationTest->__pest_evaluable_two_factor_settings_page_can_be_rendered()
#83 /Users/mohamadsafar/Desktop/Layla Kitchen/RMS-1/vendor/phpunit/phpunit/src/Framework/TestCase.php(519): PHPUnit\Framework\TestCase->runTest()
#84 /Users/mohamadsafar/Desktop/Layla Kitchen/RMS-1/vendor/phpunit/phpunit/src/Framework/TestRunner/TestRunner.php(99): PHPUnit\Framework\TestCase->runBare()
#85 /Users/mohamadsafar/Desktop/Layla Kitchen/RMS-1/vendor/phpunit/phpunit/src/Framework/TestCase.php(359): PHPUnit\Framework\TestRunner->run(Object(P\Tests\Feature\Settings\TwoFactorAuthenticationTest))
#86 /Users/mohamadsafar/Desktop/Layla Kitchen/RMS-1/vendor/phpunit/phpunit/src/Framework/TestSuite.php(374): PHPUnit\Framework\TestCase->run()
#87 /Users/mohamadsafar/Desktop/Layla Kitchen/RMS-1/vendor/phpunit/phpunit/src/Framework/TestSuite.php(374): PHPUnit\Framework\TestSuite->run()
#88 /Users/mohamadsafar/Desktop/Layla Kitchen/RMS-1/vendor/phpunit/phpunit/src/Framework/TestSuite.php(374): PHPUnit\Framework\TestSuite->run()
#89 /Users/mohamadsafar/Desktop/Layla Kitchen/RMS-1/vendor/phpunit/phpunit/src/TextUI/TestRunner.php(64): PHPUnit\Framework\TestSuite->run()
#90 /Users/mohamadsafar/Desktop/Layla Kitchen/RMS-1/vendor/phpunit/phpunit/src/TextUI/Application.php(229): PHPUnit\TextUI\TestRunner->run(Object(PHPUnit\TextUI\Configuration\Configuration), Object(PHPUnit\Runner\ResultCache\DefaultResultCache), Object(PHPUnit\Framework\TestSuite))
#91 /Users/mohamadsafar/Desktop/Layla Kitchen/RMS-1/vendor/pestphp/pest/src/Kernel.php(103): PHPUnit\TextUI\Application->run(Array)
#92 /Users/mohamadsafar/Desktop/Layla Kitchen/RMS-1/vendor/pestphp/pest/bin/pest(184): Pest\Kernel->handle(Array, Array)
#93 /Users/mohamadsafar/Desktop/Layla Kitchen/RMS-1/vendor/pestphp/pest/bin/pest(192): {closure:/Users/mohamadsafar/Desktop/Layla Kitchen/RMS-1/vendor/pestphp/pest/bin/pest:18}()
#94 {main}

----------------------------------------------------------------------------------

No hint path defined for [layouts]. (View: /Users/mohamadsafar/Desktop/Layla Kitchen/RMS-1/storage/framework/views/4943bc92ebba41e8b0e508149542e0ad.blade.php)

  at tests/Feature/Settings/TwoFactorAuthenticationTest.php:24
     20â–• 
     21â–•     $this->actingAs($user)
     22â–•         ->withSession(['auth.password_confirmed_at' => time()])
     23â–•         ->get(route('two-factor.show'))
  âžœ  24â–•         ->assertOk()
     25â–•         ->assertSee('Two Factor Authentication')
     26â–•         ->assertSee('Disabled');
     27â–• });
     28â–•

  â”€â”€â”€â”€â”€â”€â”€â”€â”€â”€â”€â”€â”€â”€â”€â”€â”€â”€â”€â”€â”€â”€â”€â”€â”€â”€â”€â”€â”€â”€â”€â”€â”€â”€â”€â”€â”€â”€â”€â”€â”€â”€â”€â”€â”€â”€â”€â”€â”€â”€â”€â”€â”€â”€â”€â”€â”€â”€â”€â”€â”€â”€â”€â”€â”€â”€â”€â”€â”€â”€â”€â”€â”€â”€â”€â”€  
   FAILED  Tests\Feature\Subscriptions\SubscriptionsLifecyclâ€¦  QueryException   
  SQLSTATE[42S22]: Column not found: 1054 Unknown column 'updated_at' in 'field list' (Connection: mysql, Host: 127.0.0.1, Port: 3306, Database: store_test, SQL: insert into `meal_subscription_pauses` (`subscription_id`, `pause_start`, `pause_end`, `updated_at`, `created_at`) values (10, 2025-01-10 00:00:00, 2025-01-12 00:00:00, 2026-01-28 08:15:56, 2026-01-28 08:15:56))

  at vendor/laravel/framework/src/Illuminate/Database/MySqlConnection.php:47
     43â–•             if ($this->pretending()) {
     44â–•                 return true;
     45â–•             }
     46â–• 
  âžœ  47â–•             $statement = $this->getPdo()->prepare($query);
     48â–• 
     49â–•             $this->bindValues($statement, $this->prepareBindings($bindings));
     50â–• 
     51â–•             $this->recordsHaveBeenModified();

      [2m+16 vendor frames [22m
  17  tests/Feature/Subscriptions/SubscriptionsLifecycleTest.php:46

  â”€â”€â”€â”€â”€â”€â”€â”€â”€â”€â”€â”€â”€â”€â”€â”€â”€â”€â”€â”€â”€â”€â”€â”€â”€â”€â”€â”€â”€â”€â”€â”€â”€â”€â”€â”€â”€â”€â”€â”€â”€â”€â”€â”€â”€â”€â”€â”€â”€â”€â”€â”€â”€â”€â”€â”€â”€â”€â”€â”€â”€â”€â”€â”€â”€â”€â”€â”€â”€â”€â”€â”€â”€â”€â”€â”€  
   FAILED  Tests\Feature\Suppliers\SuppliersApiTest > it prevents archive whâ€¦   
  Expected response status code [422] but received 200.
Failed asserting that 200 is identical to 422.

  at tests/Feature/Suppliers/SuppliersApiTest.php:66
     62â–•     });
     63â–• 
     64â–•     $user = adminApiUser();
     65â–•     $response = actingAs($user)->deleteJson("/api/suppliers/{$supplier->id}", ['force_archive' => true]);
  âžœ  66â–•     $response->assertStatus(422);
     67â–• 
     68â–•     \Illuminate\Support\Facades\Schema::dropIfExists('tmp_refs');
     69â–• });
     70â–•

  â”€â”€â”€â”€â”€â”€â”€â”€â”€â”€â”€â”€â”€â”€â”€â”€â”€â”€â”€â”€â”€â”€â”€â”€â”€â”€â”€â”€â”€â”€â”€â”€â”€â”€â”€â”€â”€â”€â”€â”€â”€â”€â”€â”€â”€â”€â”€â”€â”€â”€â”€â”€â”€â”€â”€â”€â”€â”€â”€â”€â”€â”€â”€â”€â”€â”€â”€â”€â”€â”€â”€â”€â”€â”€â”€â”€  
   FAILED  Tests\Feature\Suppliers\SuppliersWebTest > it aâ€¦  RoleDoesNotExist   
  There is no role named `admin` for guard `web`.

  at vendor/spatie/laravel-permission/src/Exceptions/RoleDoesNotExist.php:11
      7â–• class RoleDoesNotExist extends InvalidArgumentException
      8â–• {
      9â–•     public static function named(string $roleName, ?string $guardName)
     10â–•     {
  âžœ  11â–•         return new static(__('There is no role named `:role` for guard `:guard`.', [
     12â–•             'role' => $roleName,
     13â–•             'guard' => $guardName,
     14â–•         ]));
     15â–•     }

      [2m+7 vendor frames [22m
  8   tests/Feature/Recipes/RecipesCrudTest.php:21
  9   tests/Feature/Suppliers/SuppliersWebTest.php:22

  â”€â”€â”€â”€â”€â”€â”€â”€â”€â”€â”€â”€â”€â”€â”€â”€â”€â”€â”€â”€â”€â”€â”€â”€â”€â”€â”€â”€â”€â”€â”€â”€â”€â”€â”€â”€â”€â”€â”€â”€â”€â”€â”€â”€â”€â”€â”€â”€â”€â”€â”€â”€â”€â”€â”€â”€â”€â”€â”€â”€â”€â”€â”€â”€â”€â”€â”€â”€â”€â”€â”€â”€â”€â”€â”€â”€  
   FAILED  Tests\Feature\Suppliers\SuppliersWebTest > it eâ€¦  RoleDoesNotExist   
  There is no role named `admin` for guard `web`.

  at vendor/spatie/laravel-permission/src/Exceptions/RoleDoesNotExist.php:11
      7â–• class RoleDoesNotExist extends InvalidArgumentException
      8â–• {
      9â–•     public static function named(string $roleName, ?string $guardName)
     10â–•     {
  âžœ  11â–•         return new static(__('There is no role named `:role` for guard `:guard`.', [
     12â–•             'role' => $roleName,
     13â–•             'guard' => $guardName,
     14â–•         ]));
     15â–•     }

      [2m+7 vendor frames [22m
  8   tests/Feature/Recipes/RecipesCrudTest.php:21
  9   tests/Feature/Suppliers/SuppliersWebTest.php:42

  â”€â”€â”€â”€â”€â”€â”€â”€â”€â”€â”€â”€â”€â”€â”€â”€â”€â”€â”€â”€â”€â”€â”€â”€â”€â”€â”€â”€â”€â”€â”€â”€â”€â”€â”€â”€â”€â”€â”€â”€â”€â”€â”€â”€â”€â”€â”€â”€â”€â”€â”€â”€â”€â”€â”€â”€â”€â”€â”€â”€â”€â”€â”€â”€â”€â”€â”€â”€â”€â”€â”€â”€â”€â”€â”€â”€  
   FAILED  Tests\Feature\Suppliers\SuppliersWebTest > it vâ€¦  RoleDoesNotExist   
  There is no role named `admin` for guard `web`.

  at vendor/spatie/laravel-permission/src/Exceptions/RoleDoesNotExist.php:11
      7â–• class RoleDoesNotExist extends InvalidArgumentException
      8â–• {
      9â–•     public static function named(string $roleName, ?string $guardName)
     10â–•     {
  âžœ  11â–•         return new static(__('There is no role named `:role` for guard `:guard`.', [
     12â–•             'role' => $roleName,
     13â–•             'guard' => $guardName,
     14â–•         ]));
     15â–•     }

      [2m+7 vendor frames [22m
  8   tests/Feature/Recipes/RecipesCrudTest.php:21
  9   tests/Feature/Suppliers/SuppliersWebTest.php:55

  â”€â”€â”€â”€â”€â”€â”€â”€â”€â”€â”€â”€â”€â”€â”€â”€â”€â”€â”€â”€â”€â”€â”€â”€â”€â”€â”€â”€â”€â”€â”€â”€â”€â”€â”€â”€â”€â”€â”€â”€â”€â”€â”€â”€â”€â”€â”€â”€â”€â”€â”€â”€â”€â”€â”€â”€â”€â”€â”€â”€â”€â”€â”€â”€â”€â”€â”€â”€â”€â”€â”€â”€â”€â”€â”€â”€  
   FAILED  Tests\Feature\Suppliers\SuppliersWebTest > it pâ€¦  RoleDoesNotExist   
  There is no role named `admin` for guard `web`.

  at vendor/spatie/laravel-permission/src/Exceptions/RoleDoesNotExist.php:11
      7â–• class RoleDoesNotExist extends InvalidArgumentException
      8â–• {
      9â–•     public static function named(string $roleName, ?string $guardName)
     10â–•     {
  âžœ  11â–•         return new static(__('There is no role named `:role` for guard `:guard`.', [
     12â–•             'role' => $roleName,
     13â–•             'guard' => $guardName,
     14â–•         ]));
     15â–•     }

      [2m+7 vendor frames [22m
  8   tests/Feature/Recipes/RecipesCrudTest.php:21
  9   tests/Feature/Suppliers/SuppliersWebTest.php:67

  â”€â”€â”€â”€â”€â”€â”€â”€â”€â”€â”€â”€â”€â”€â”€â”€â”€â”€â”€â”€â”€â”€â”€â”€â”€â”€â”€â”€â”€â”€â”€â”€â”€â”€â”€â”€â”€â”€â”€â”€â”€â”€â”€â”€â”€â”€â”€â”€â”€â”€â”€â”€â”€â”€â”€â”€â”€â”€â”€â”€â”€â”€â”€â”€â”€â”€â”€â”€â”€â”€â”€â”€â”€â”€â”€â”€  
   FAILED  Tests\Feature\Suppliers\SuppliersWebTest > it aâ€¦  RoleDoesNotExist   
  There is no role named `admin` for guard `web`.

  at vendor/spatie/laravel-permission/src/Exceptions/RoleDoesNotExist.php:11
      7â–• class RoleDoesNotExist extends InvalidArgumentException
      8â–• {
      9â–•     public static function named(string $roleName, ?string $guardName)
     10â–•     {
  âžœ  11â–•         return new static(__('There is no role named `:role` for guard `:guard`.', [
     12â–•             'role' => $roleName,
     13â–•             'guard' => $guardName,
     14â–•         ]));
     15â–•     }

      [2m+7 vendor frames [22m
  8   tests/Feature/Recipes/RecipesCrudTest.php:21
  9   tests/Feature/Suppliers/SuppliersWebTest.php:79


  Tests:    34 failed, 136 passed (293 assertions)
  Duration: 9.38s

